Log file open, 12/28/18 09:21:39
LogInit:Display: Running engine for game: TopDownMiniGame
LogPlatformFile: Not using cached read wrapper
LogInit:Display: RandInit(-1134677105) SRandInit(-1134677102).
LogTaskGraph: Started task graph with 4 named threads and 5 total threads.
LogStats: Stats thread started at 18.648436
LogInit: Version: 4.11.2-2946394+++UE4+Release-4.11
LogInit: API Version: 2927265
LogInit: Compiled (64-bit): Apr 18 2016 02:18:46
LogInit: Compiled with Visual C++: 19.00.23026.00
LogInit: Build Configuration: Development
LogInit: Branch Name: ++UE4+Release-4.11
LogInit: Command line:  
LogInit: Base directory: D:/UE_4.11/Engine/Binaries/Win64/
LogInit: Installed Engine Build: 1
LogInit: Using libcurl 7.41.0
LogInit:  - built for x86_64-pc-win32
LogInit:  - supports SSL with WinSSL
LogInit:  - other features:
LogInit:      CURL_VERSION_SSL
LogInit:      CURL_VERSION_IPV6
LogInit:      CURL_VERSION_ASYNCHDNS
LogInit:      CURL_VERSION_LARGEFILE
LogInit:      CURL_VERSION_IDN
LogInit:  CurlRequestOptions (configurable via config and command line):
LogInit:  - bVerifyPeer = true  - Libcurl will verify peer certificate
LogInit:  - bUseHttpProxy = false  - Libcurl will NOT use HTTP proxy
LogInit:  - bDontReuseConnections = false  - Libcurl will reuse connections
LogInit:  - CertBundlePath = nullptr  - Libcurl will use whatever was configured at build time.
LogInit: Presizing for max 16777216 objects, including 0 objects not considered by GC, pre-allocating 0 bytes for permanent pool.
LogInit: Object subsystem initialized
[2018.12.28-01.21.57:567][  0]LogInit: Selected Device Profile: [Windows]
[2018.12.28-01.21.57:567][  0]LogInit: Applying CVar settings loaded from the selected device profile: [Windows]
[2018.12.28-01.21.59:055][  0]LogInit: Computer: 1-ПК
[2018.12.28-01.21.59:055][  0]LogInit: User: 1
[2018.12.28-01.21.59:055][  0]LogInit: CPU Page size=65536, Cores=2
[2018.12.28-01.21.59:055][  0]LogInit: High frequency timer resolution =2.338496 MHz
[2018.12.28-01.21.59:180][  0]LogMemory: Memory total: Physical=3.9GB (4GB approx)
[2018.12.28-01.21.59:180][  0]LogMemory: Platform Memory Stats for Windows
[2018.12.28-01.21.59:180][  0]LogMemory: Process Physical Memory: 314.84 MB used, 314.84 MB peak
[2018.12.28-01.21.59:180][  0]LogMemory: Process Virtual Memory: 315.94 MB used, 315.94 MB peak
[2018.12.28-01.21.59:180][  0]LogMemory: Physical Memory: 2929.84 MB used, 4010.14 MB total
[2018.12.28-01.21.59:180][  0]LogMemory: Virtual Memory: 623.40 MB used, 8388608.00 MB total
[2018.12.28-01.22.13:090][  0]LogTextLocalizationManager: No translations for ('ru-RU') exist, falling back to 'en' for localization and internationalization data.
[2018.12.28-01.22.18:328][  0]LogD3D11RHI: D3D11 adapters:
[2018.12.28-01.22.19:538][  0]LogD3D11RHI:    0. 'NVIDIA GeForce 410M' (Feature Level 11_0)
[2018.12.28-01.22.19:539][  0]LogD3D11RHI:       979MB of dedicated video memory, 0MB of dedicated system memory, and 1749MB of shared system memory, 1 output[s]
[2018.12.28-01.22.19:564][  0]LogD3D11RHI:    1. 'NVIDIA GeForce 410M' (Feature Level 11_0)
[2018.12.28-01.22.19:564][  0]LogD3D11RHI:       979MB of dedicated video memory, 0MB of dedicated system memory, and 1749MB of shared system memory, 0 output[s]
[2018.12.28-01.22.19:564][  0]LogD3D11RHI: Chosen D3D11 Adapter: 0
[2018.12.28-01.22.19:600][  0]LogD3D11RHI: Creating new Direct3DDevice
[2018.12.28-01.22.19:601][  0]LogD3D11RHI:     Adapter Name: Intel(R) HD Graphics 3000
[2018.12.28-01.22.19:601][  0]LogD3D11RHI:   Driver Version: Unknown (internal Unknown)
[2018.12.28-01.22.19:601][  0]LogD3D11RHI:      Driver Date: Unknown
[2018.12.28-01.22.19:610][  0]LogRHI: Texture pool is 1297 MB (70% of 1854 MB)
[2018.12.28-01.22.19:641][  0]LogD3D11RHI: Async texture creation enabled
[2018.12.28-01.22.20:676][  0]LogShaderCompilers: Guid format shader working directory is -7 characters bigger than the processId version (../../../../sergey/UnrealProjects/TopDownMiniGame/Intermediate/Shaders/WorkingDirectory/5960/).
[2018.12.28-01.22.20:676][  0]LogShaderCompilers: Cleaned the shader compiler working directory 'C:/Users/1/AppData/Local/Temp/UnrealShaderWorkingDir/F12046EC47F2858358BA0995475217E8/'.
[2018.12.28-01.22.20:828][  0]LogShaderCompilers:Display: Using Local Shader Compiler.
[2018.12.28-01.22.45:115][  0]LogTemp:Display: Loaded TP AllDesktopTargetPlatform
[2018.12.28-01.22.45:166][  0]LogTemp:Display: Loaded TP WindowsClientTargetPlatform
[2018.12.28-01.22.45:278][  0]LogTemp:Display: Loaded TP WindowsNoEditorTargetPlatform
[2018.12.28-01.22.45:344][  0]LogTemp:Display: Loaded TP WindowsServerTargetPlatform
[2018.12.28-01.22.45:397][  0]LogTemp:Display: Loaded TP WindowsTargetPlatform
[2018.12.28-01.22.45:445][  0]LogTemp:Display: Loaded TP AndroidTargetPlatform
[2018.12.28-01.22.45:493][  0]LogTemp:Display: Loaded TP Android_ASTCTargetPlatform
[2018.12.28-01.22.45:552][  0]LogTemp:Display: Loaded TP Android_ATCTargetPlatform
[2018.12.28-01.22.45:599][  0]LogTemp:Display: Loaded TP Android_DXTTargetPlatform
[2018.12.28-01.22.45:639][  0]LogTemp:Display: Loaded TP Android_ETC1TargetPlatform
[2018.12.28-01.22.45:676][  0]LogTemp:Display: Loaded TP Android_ETC2TargetPlatform
[2018.12.28-01.22.45:773][  0]LogTemp:Display: Loaded TP Android_MultiTargetPlatform
[2018.12.28-01.22.45:774][  0]LogTemp:Display: Loaded TP Android_PVRTCTargetPlatform
[2018.12.28-01.22.45:811][  0]LogTemp:Display: Loaded TP HTML5TargetPlatform
[2018.12.28-01.22.46:077][  0]LogTemp:Display: Loaded TP IOSTargetPlatform
[2018.12.28-01.22.46:087][  0]LogTemp:Display: Loaded TP TVOSTargetPlatform
[2018.12.28-01.22.46:145][  0]LogTemp:Display: Loaded TP LinuxNoEditorTargetPlatform
[2018.12.28-01.22.46:178][  0]LogTemp:Display: Loaded TP LinuxServerTargetPlatform
[2018.12.28-01.22.46:239][  0]LogTemp:Display: Loaded TP LinuxTargetPlatform
[2018.12.28-01.22.46:239][  0]LogTargetPlatformManager:Display: Building Assets For Windows
[2018.12.28-01.22.49:252][  0]LogDerivedDataCache:Display: Max Cache Size: 512 MB
[2018.12.28-01.22.51:535][  0]LogDerivedDataCache: Loaded boot cache 2.27s 46MB C:/Users/1/AppData/Local/UnrealEngine/4.11/DerivedDataCache/Boot.ddc.
[2018.12.28-01.22.51:535][  0]LogDerivedDataCache:Display: Loaded Boot cache: C:/Users/1/AppData/Local/UnrealEngine/4.11/DerivedDataCache/Boot.ddc
[2018.12.28-01.22.51:535][  0]LogDerivedDataCache: FDerivedDataBackendGraph:  Pak pak cache file ../../../../sergey/UnrealProjects/TopDownMiniGame/DerivedDataCache/DDC.ddp not found, will not use a pak cache.
[2018.12.28-01.22.51:535][  0]LogDerivedDataCache: Unable to find inner node Pak for hierarchical cache Hierarchy.
[2018.12.28-01.22.51:535][  0]LogDerivedDataCache: FDerivedDataBackendGraph:  CompressedPak pak cache file ../../../../sergey/UnrealProjects/TopDownMiniGame/DerivedDataCache/Compressed.ddp not found, will not use a pak cache.
[2018.12.28-01.22.51:535][  0]LogDerivedDataCache: Unable to find inner node CompressedPak for hierarchical cache Hierarchy.
[2018.12.28-01.22.51:667][  0]LogDerivedDataCache:Display: Pak cache opened for reading ../../../Engine/DerivedDataCache/Compressed.ddp.
[2018.12.28-01.22.51:699][  0]LogDerivedDataCache: Using Local data cache path C:/Users/1/AppData/Local/UnrealEngine/Common/DerivedDataCache: Writable
[2018.12.28-01.23.03:669][  0]LogInit: Selected Device Profile: [Windows]
[2018.12.28-01.23.03:877][  0]LogContentStreaming: Texture pool size is 0.00 MB
[2018.12.28-01.23.05:459][  0]LogMaterial: Uniform references updated for custom material expression Custom.
[2018.12.28-01.23.10:183][  0]LogMeshUtilities: No automatic mesh reduction module available
[2018.12.28-01.23.10:183][  0]LogMeshUtilities: No automatic mesh merging module available
[2018.12.28-01.23.10:183][  0]LogMeshUtilities: No distributed automatic mesh merging module available
[2018.12.28-01.23.21:195][  0]LogUObjectArray: 27679 objects as part of root set at end of initial load.
[2018.12.28-01.23.21:209][  0]LogUObjectAllocator: 5591600 out of 0 bytes used by permanent object pool.
[2018.12.28-01.23.21:209][  0]LogUObjectArray: CloseDisregardForGC: 0/0 objects in disregard for GC pool
[2018.12.28-01.23.21:368][  0]LogInit: WinSock: version 1.1 (2.2), MaxSocks=32767, MaxUdp=65467
[2018.12.28-01.23.26:932][  0]LogSlate: SlateFontCache - WITH_FREETYPE: 1, WITH_HARFBUZZ: 1
[2018.12.28-01.23.26:932][  0]LogSlate: SlateFontCache - WITH_FREETYPE: 1, WITH_HARFBUZZ: 1
[2018.12.28-01.23.30:790][  0]LogStreaming:Warning: Failed to read file '../../../Engine/Content/Editor/Slate/Common/Selection_16x.png' error.
[2018.12.28-01.23.30:790][  0]LogSlate: Could not find file for Slate resource: ../../../Engine/Content/Editor/Slate/Common/Selection_16x.png
[2018.12.28-01.23.30:790][  0]LogStreaming:Warning: Failed to read file '../../../Engine/Content/Editor/Slate/Common/Selection_16x.png' error.
[2018.12.28-01.23.30:790][  0]LogSlate: Could not find file for Slate resource: ../../../Engine/Content/Editor/Slate/Common/Selection_16x.png
[2018.12.28-01.23.30:790][  0]LogStreaming:Warning: Failed to read file '../../../Engine/Content/Editor/Slate/Common/Selection_16x.png' error.
[2018.12.28-01.23.30:790][  0]LogSlate: Could not find file for Slate resource: ../../../Engine/Content/Editor/Slate/Common/Selection_16x.png
[2018.12.28-01.23.47:083][  0]LogUdpMessaging: Initializing bridge on interface 0.0.0.0:0 to multicast group 230.0.0.1:6666.
[2018.12.28-01.23.48:261][  0]LogAssetRegistry: FAssetRegistry took 0.0288 seconds to start up
[2018.12.28-01.23.56:881][  0]SourceControl: Info Source control is disabled
[2018.12.28-01.23.56:920][  0]SourceControl: Info Source control is disabled
[2018.12.28-01.23.57:279][  0]SourceControl: Info Source control is disabled
[2018.12.28-01.23.57:434][  0]SourceControl: Info Source control is disabled
[2018.12.28-01.24.01:382][  0]LogHMD: Failed to initialize OpenVR with code 110
[2018.12.28-01.24.02:939][  0]LogEngine: Initializing Engine...
[2018.12.28-01.24.05:502][  0]LogAIModule: Creating AISystem for world NewWorld
[2018.12.28-01.24.05:885][  0]LogInit: XAudio2 using 'Динамики (Устройство с поддержкой High Definition Audio)' : 2 channels at 44.1 kHz using 16 bits per sample (channel mask 0x3)
[2018.12.28-01.24.06:099][  0]LogInit: FAudioDevice initialized.
[2018.12.28-01.24.06:200][  0]LogDerivedDataCache: Saved boot cache 0.10s 46MB C:/Users/1/AppData/Local/UnrealEngine/4.11/DerivedDataCache/Boot.ddc.
[2018.12.28-01.24.06:231][  0]LogInit: Texture streaming: Enabled
[2018.12.28-01.24.10:235][  0]LogInit: Transaction tracking system initialized
[2018.12.28-01.24.17:621][  0]BlueprintLog: New page: Editor Load
[2018.12.28-01.24.46:799][  0]LocalizationService: Info Localization service is disabled
[2018.12.28-01.25.26:844][  0]LogConsoleResponse:Display: 
[2018.12.28-01.25.45:485][  0]LogFileCache: Scanning file cache for directory 'D:/sergey/UnrealProjects/TopDownMiniGame/Content/' took 0.24s
[2018.12.28-01.25.45:485][  0]LogCook:Display: Max memory allowance for cook 8192mb
[2018.12.28-01.25.45:506][  0]LogCook:Display: Mobile HDR setting 1
[2018.12.28-01.25.45:548][  0]LogCook:Display: Done creating registry. It took  0.00s.
[2018.12.28-01.26.06:266][  0]SourceControl: Info Source control is disabled
[2018.12.28-01.26.06:633][  0]Cmd: MAP LOAD FILE="../../../../sergey/UnrealProjects/TopDownMiniGame/Content/TopDownBP/Maps/TopDownExampleMap.umap" TEMPLATE=0 SHOWPROGRESS=1 FEATURELEVEL=3
[2018.12.28-01.26.07:209][  0]LightingResults: New page: Lighting Build
[2018.12.28-01.26.10:199][  0]MapCheck: New page: Map Check
[2018.12.28-01.26.10:199][  0]LightingResults: New page: Lighting Build
[2018.12.28-01.26.50:042][  0]LogAIModule: Creating AISystem for world TopDownExampleMap
[2018.12.28-01.26.56:935][  0]LogEditorServer: Finished looking for orphan Actors (0.037 secs)
[2018.12.28-01.26.57:798][  0]Cmd: MAP CHECKDEP NOCLEARLOG
[2018.12.28-01.26.57:973][  0]MapCheck: Info Map check complete: 0 Error(s), 0 Warning(s), took 175.532ms to complete.
[2018.12.28-01.26.58:004][  0]LogFileHelpers: Loading map 'TopDownExampleMap' took 51.459
[2018.12.28-01.27.06:187][  0]LogCollectionManager: Loaded 0 collections in 0.007684 seconds
[2018.12.28-01.27.06:547][  0]LogFileCache: Scanning file cache for directory 'D:/sergey/UnrealProjects/TopDownMiniGame/Saved/Collections/' took 0.01s
[2018.12.28-01.27.06:548][  0]LogFileCache: Scanning file cache for directory 'D:/sergey/UnrealProjects/TopDownMiniGame/Content/Developers/1/Collections/' took 0.00s
[2018.12.28-01.27.06:548][  0]LogFileCache: Scanning file cache for directory 'D:/sergey/UnrealProjects/TopDownMiniGame/Content/Collections/' took 0.01s
[2018.12.28-01.27.06:548][  0]LogCollectionManager: Rebuilt the GUID cache for 0 collections in 0.000011 seconds
[2018.12.28-01.27.06:595][  0]LogContentBrowser: Native class hierarchy populated in 0.0430 seconds. Added 1980 classes and 345 folders.
[2018.12.28-01.27.06:863][  0]LogStats: UGameplayTagsManager::ConstructGameplayTagTree: Construct from data asset -  0.009 s
[2018.12.28-01.27.06:863][  0]LogStats: UGameplayTagsManager::ConstructGameplayTagTree: GameplayTagTreeChangedEvent.Broadcast -  0.000 s
[2018.12.28-01.27.06:864][  0]LogContentBrowser: Native class hierarchy updated for 'GameplayTags' in 0.0007 seconds. Added 12 classes and 0 folders.
[2018.12.28-01.27.06:916][  0]LogContentBrowser: Native class hierarchy updated for 'WidgetCarousel' in 0.0006 seconds. Added 0 classes and 0 folders.
[2018.12.28-01.27.07:315][  0]LogContentBrowser: Native class hierarchy updated for 'SuperSearch' in 0.0006 seconds. Added 1 classes and 2 folders.
[2018.12.28-01.27.08:837][  0]LogContentBrowser: Native class hierarchy updated for 'AddContentDialog' in 0.0009 seconds. Added 0 classes and 0 folders.
[2018.12.28-01.27.10:003][  0]LogCrashTracker: Crashtracker disabled due to settings.
[2018.12.28-01.27.10:791][  0]LogUObjectGlobals:Warning: Failed to find object 'Class None.'
[2018.12.28-01.27.11:024][  0]LogContentBrowser: Native class hierarchy updated for 'HierarchicalLODOutliner' in 0.0007 seconds. Added 1 classes and 2 folders.
[2018.12.28-01.27.11:038][  0]LogLoad: Full Startup: 375.83 seconds (BP compile: 11.47 seconds)
[2018.12.28-01.27.11:057][  0]LogExternalProfiler: Found external profiler: VSPerf
[2018.12.28-01.27.11:057][  0]LogExternalProfiler: Using external profiler: VSPerf
[2018.12.28-01.27.11:642][  0]LogOcInput: OculusInput pre-init called
[2018.12.28-01.27.13:118][  0]LogContentStreaming: Texture pool size now 200 MB
[2018.12.28-01.27.15:120][  0]LogRenderer: Reallocating scene render targets to support 808x648 (Frame:2).
[2018.12.28-01.27.20:066][  3]LogAssetRegistry: Asset discovery search completed in 211.8220 seconds
[2018.12.28-01.27.20:102][  3]LogCollectionManager: Rebuilt the object cache for 0 collections in 0.000001 seconds (found 0 objects)
[2018.12.28-01.27.20:102][  3]LogCollectionManager: Fixed up redirectors for 0 collections in 0.036284 seconds (updated 0 objects)
[2018.12.28-01.32.52:849][484]LogBlueprintUserMessages: Early PlayInEditor Detection: Level '/Game/TopDownBP/Maps/TopDownExampleMap.TopDownExampleMap:PersistentLevel' has LevelScriptBlueprint '/Game/TopDownBP/Maps/TopDownExampleMap.TopDownExampleMap:PersistentLevel.TopDownExampleMap' with GeneratedClass '/Game/TopDownBP/Maps/TopDownExampleMap.TopDownExampleMap_C' with ClassGeneratedBy '/Game/TopDownBP/Maps/TopDownExampleMap.TopDownExampleMap:PersistentLevel.TopDownExampleMap'
[2018.12.28-01.32.52:852][484]LogPlayLevel: PlayLevel: No blueprints needed recompiling
[2018.12.28-01.32.53:432][484]PIE: New page: PIE session: TopDownExampleMap (Dec 28, 2018, 5:32:53 PM)
[2018.12.28-01.32.53:432][484]LogPlayLevel: Creating play world package: /Game/TopDownBP/Maps/UEDPIE_0_TopDownExampleMap
[2018.12.28-01.32.53:767][484]LogPlayLevel: PIE: StaticDuplicateObject took: (0.334566s)
[2018.12.28-01.32.53:768][484]LogAIModule: Creating AISystem for world TopDownExampleMap
[2018.12.28-01.32.53:768][484]LogPlayLevel: PIE: World Init took: (0.000917s)
[2018.12.28-01.32.53:789][484]LogPlayLevel: PIE: Created PIE world by copying editor world from /Game/TopDownBP/Maps/TopDownExampleMap.TopDownExampleMap to /Game/TopDownBP/Maps/UEDPIE_0_TopDownExampleMap.TopDownExampleMap (0.357097s)
[2018.12.28-01.32.53:821][484]LogActorComponent: UnregisterComponent: (/Engine/Transient.CharMoveComp) Not registered. Aborting.
[2018.12.28-01.32.53:821][484]LogActorComponent: UnregisterComponent: (/Engine/Transient.Interactable_GEN_VARIABLE) Not registered. Aborting.
[2018.12.28-01.32.54:314][484]LogInit: XAudio2 using 'Динамики (Устройство с поддержкой High Definition Audio)' : 2 channels at 44.1 kHz using 16 bits per sample (channel mask 0x3)
[2018.12.28-01.32.54:326][484]LogInit: FAudioDevice initialized.
[2018.12.28-01.32.54:766][484]LogWorld: Game class is 'TopDownGameMode_C'
[2018.12.28-01.32.55:010][484]LogWorld: Bringing World /Game/TopDownBP/Maps/UEDPIE_0_TopDownExampleMap.TopDownExampleMap up for play (max tick rate 60) at 2018.12.28-09.32.55
[2018.12.28-01.32.55:215][484]LogWorld: Bringing up level for play took: 0.212726
[2018.12.28-01.32.55:628][484]LogContentBrowser: Native class hierarchy updated for 'MovieSceneCapture' in 0.0007 seconds. Added 9 classes and 0 folders.
[2018.12.28-01.32.55:917][484]LogBlueprintUserMessages: [Quest_Test_C_0] Соберите 5 коробок.
[2018.12.28-01.32.55:968][484]PIE: Info Play in editor start time for /Game/TopDownBP/Maps/UEDPIE_0_TopDownExampleMap 4.088
[2018.12.28-01.32.55:968][484]LogBlueprintUserMessages: Late PlayInEditor Detection: Level '/Game/TopDownBP/Maps/TopDownExampleMap.TopDownExampleMap:PersistentLevel' has LevelScriptBlueprint '/Game/TopDownBP/Maps/TopDownExampleMap.TopDownExampleMap:PersistentLevel.TopDownExampleMap' with GeneratedClass '/Game/TopDownBP/Maps/TopDownExampleMap.TopDownExampleMap_C' with ClassGeneratedBy '/Game/TopDownBP/Maps/TopDownExampleMap.TopDownExampleMap:PersistentLevel.TopDownExampleMap'
[2018.12.28-01.33.01:190][650]LogBlueprintUserMessages: [Interactable] Hello
[2018.12.28-01.33.03:505][761]LogBlueprintUserMessages: [Interactable] Hello
[2018.12.28-01.33.05:585][859]LogBlueprintUserMessages: [PickUpItem] Hello
[2018.12.28-01.33.05:938][876]LogBlueprintUserMessages: [Interactable] Hello
[2018.12.28-01.33.06:592][907]LogBlueprintUserMessages: [Interactable] Hello
[2018.12.28-01.33.06:935][923]LogBlueprintUserMessages: [PickUpItem] Hello
[2018.12.28-01.33.06:956][924]LogBlueprintUserMessages: [PickUpItem] Hello
[2018.12.28-01.33.07:365][943]LogBlueprintUserMessages: [Interactable] Hello
[2018.12.28-01.33.07:602][954]LogBlueprintUserMessages: [Interactable] Hello
[2018.12.28-01.33.07:795][963]LogBlueprintUserMessages: [Interactable] Hello
[2018.12.28-01.33.12:318][175]LogBlueprintUserMessages: [PickUpItem] Hello
[2018.12.28-01.33.16:946][394]LogBlueprintUserMessages: [PickUpItem] Hello
[2018.12.28-01.33.17:839][436]LogBlueprintUserMessages: [PickUpItem] Hello
[2018.12.28-01.33.17:987][443]LogBlueprintUserMessages: [PickUpItem] Hello
[2018.12.28-01.33.18:052][446]LogBlueprintUserMessages: [PickUpItem] Hello
[2018.12.28-01.33.18:808][482]LogBlueprintUserMessages: [PickUpItem] Hello
[2018.12.28-01.33.20:757][574]LogBlueprintUserMessages: [PickUpItem] Hello
[2018.12.28-01.33.20:802][576]LogBlueprintUserMessages: [PickUpItem] Hello
[2018.12.28-01.33.20:825][577]LogBlueprintUserMessages: [PickUpItem] Hello
[2018.12.28-01.33.21:423][604]LogBlueprintUserMessages: Early EndPlayMap Detection: Level '/Game/TopDownBP/Maps/TopDownExampleMap.TopDownExampleMap:PersistentLevel' has LevelScriptBlueprint '/Game/TopDownBP/Maps/TopDownExampleMap.TopDownExampleMap:PersistentLevel.TopDownExampleMap' with GeneratedClass '/Game/TopDownBP/Maps/TopDownExampleMap.TopDownExampleMap_C' with ClassGeneratedBy '/Game/TopDownBP/Maps/TopDownExampleMap.TopDownExampleMap:PersistentLevel.TopDownExampleMap'
[2018.12.28-01.33.21:630][604]LogBlueprintUserMessages: Late EndPlayMap Detection: Level '/Game/TopDownBP/Maps/TopDownExampleMap.TopDownExampleMap:PersistentLevel' has LevelScriptBlueprint '/Game/TopDownBP/Maps/TopDownExampleMap.TopDownExampleMap:PersistentLevel.TopDownExampleMap' with GeneratedClass '/Game/TopDownBP/Maps/TopDownExampleMap.TopDownExampleMap_C' with ClassGeneratedBy '/Game/TopDownBP/Maps/TopDownExampleMap.TopDownExampleMap:PersistentLevel.TopDownExampleMap'
[2018.12.28-01.33.33:478][ 92]LogContentBrowser: Native class hierarchy updated for 'BlueprintGraph' in 0.0011 seconds. Added 108 classes and 0 folders.
[2018.12.28-01.34.11:498][628]LogWindowsTextInputMethodSystem:Display: IME system now deactivated.
[2018.12.28-01.37.01:001][723]BlueprintLog: New page: Compile Health
[2018.12.28-01.37.01:085][723]LogActorComponent: UnregisterComponent: (/Engine/Transient.CharMoveComp) Not registered. Aborting.
[2018.12.28-01.37.01:085][723]LogActorComponent: UnregisterComponent: (/Engine/Transient.Interactable_GEN_VARIABLE) Not registered. Aborting.
[2018.12.28-01.37.01:516][723]BlueprintEditorCompileResults: Info [0966.30] Compile of Health successful! [in 515 ms]
[2018.12.28-01.37.07:778][ 93]BlueprintLog: New page: Compile Health
[2018.12.28-01.37.07:910][ 93]BlueprintEditorCompileResults: Info [0972.69] Compile of Health successful! [in 132 ms]
[2018.12.28-01.37.09:065][152]Cmd: OBJ SAVEPACKAGE PACKAGE="/Game/TopDownBP/Blueprints/BP_Components/Health" FILE="../../../../sergey/UnrealProjects/TopDownMiniGame/Content/TopDownBP/Blueprints/BP_Components/Health.uasset" SILENT=true
[2018.12.28-01.37.09:525][152]LogSavePackage: Save=419.18ms
[2018.12.28-01.37.09:525][152]LogSavePackage: Moving '../../../../sergey/UnrealProjects/TopDownMiniGame/Saved/HealthEAED5C7745C87BB41E777C852D85E720.tmp' to '../../../../sergey/UnrealProjects/TopDownMiniGame/Content/TopDownBP/Blueprints/BP_Components/Health.uasset'
[2018.12.28-01.37.09:571][152]LogSavePackage: Total save time: 465.50ms
[2018.12.28-01.37.09:571][152]LogSavePackage:Display: Finished SavePackage ../../../../sergey/UnrealProjects/TopDownMiniGame/Content/TopDownBP/Blueprints/BP_Components/Health.uasset
[2018.12.28-01.40.17:300][220]LogFileHelpers: Editor autosave (incl. sublevels) for '/Game/TopDownBP/Maps/TopDownExampleMap' took 0.055
[2018.12.28-01.40.17:478][220]OBJ SavePackage: Generating thumbnails for [0] asset(s) in package [/Game/TopDownBP/Blueprints/BP_Components/Health] ([1] browsable assets)...
[2018.12.28-01.40.17:478][220]OBJ SavePackage: Finished generating thumbnails for package [/Game/TopDownBP/Blueprints/BP_Components/Health]
[2018.12.28-01.40.17:724][220]LogSavePackage: Save=63.82ms
[2018.12.28-01.40.17:724][220]LogSavePackage: Moving '../../../../sergey/UnrealProjects/TopDownMiniGame/Saved/Health_Auto192F43B9A4C3B186050D2B99E23ECA54C.tmp' to '../../../../sergey/UnrealProjects/TopDownMiniGame/Saved/Autosaves/Game/TopDownBP/Blueprints/BP_Components/Health_Auto1.uasset'
[2018.12.28-01.40.17:726][220]LogSavePackage: Total save time: 217.23ms
[2018.12.28-01.40.17:726][220]LogSavePackage:Display: Finished SavePackage ../../../../sergey/UnrealProjects/TopDownMiniGame/Saved/Autosaves/Game/TopDownBP/Blueprints/BP_Components/Health_Auto1.uasset
[2018.12.28-01.40.17:726][220]LogFileHelpers: Auto-saving content packages took 0.425
[2018.12.28-01.40.40:232][ 34]LogObjectTools:Warning: ForceReplaceReferences replaced references for a transient object 'DEADCLASS_Health_C_1' or package '/Engine/Transient'.
[2018.12.28-01.40.40:232][ 34]LogObjectTools:Warning: ForceReplaceReferences replaced references for a transient object 'DEADCLASS_Health_C_0' or package '/Engine/Transient'.
[2018.12.28-01.40.40:233][ 34]LogObjectTools:Warning: ForceReplaceReferences replaced references for a transient object 'K2Node_Event_167' or package '/Engine/Transient'.
[2018.12.28-01.40.40:233][ 34]LogObjectTools:Warning: ForceReplaceReferences replaced references for a transient object 'K2Node_Event_168' or package '/Engine/Transient'.
[2018.12.28-01.40.40:234][ 34]LogObjectTools:Warning: ForceReplaceReferences replaced references for a transient object 'K2Node_Event_167' or package '/Engine/Transient'.
[2018.12.28-01.40.40:234][ 34]LogObjectTools:Warning: ForceReplaceReferences replaced references for a transient object 'K2Node_Event_168' or package '/Engine/Transient'.
[2018.12.28-01.40.40:235][ 34]LogObjectTools:Warning: ForceReplaceReferences replaced references for a transient object 'BlueprintComponentNodeSpawner_573' or package '/Engine/Transient'.
[2018.12.28-01.40.40:235][ 34]LogObjectTools:Warning: ForceReplaceReferences replaced references for a transient object 'K2Node_Event_167' or package '/Engine/Transient'.
[2018.12.28-01.40.40:236][ 34]LogObjectTools:Warning: ForceReplaceReferences replaced references for a transient object 'K2Node_Event_168' or package '/Engine/Transient'.
[2018.12.28-01.40.40:236][ 34]LogObjectTools:Warning: ForceReplaceReferences replaced references for a transient object 'K2Node_Event_167' or package '/Engine/Transient'.
[2018.12.28-01.40.40:237][ 34]LogObjectTools:Warning: ForceReplaceReferences replaced references for a transient object 'K2Node_Event_168' or package '/Engine/Transient'.
[2018.12.28-01.40.40:237][ 34]LogObjectTools:Warning: ForceReplaceReferences replaced references for a transient object 'K2Node_Event_167' or package '/Engine/Transient'.
[2018.12.28-01.40.40:238][ 34]LogObjectTools:Warning: ForceReplaceReferences replaced references for a transient object 'K2Node_Event_168' or package '/Engine/Transient'.
[2018.12.28-01.40.40:238][ 34]LogObjectTools:Warning: ForceReplaceReferences replaced references for a transient object 'REINST_SKEL_Health_C_94' or package '/Engine/Transient'.
[2018.12.28-01.40.40:238][ 34]LogObjectTools:Warning: ForceReplaceReferences replaced references for a transient object 'REINST_Health_C_93' or package '/Engine/Transient'.
[2018.12.28-01.42.25:806][ 40]LogMaterial: Missing cached shader map for material Material_0, compiling. 
[2018.12.28-01.42.25:845][ 40]LogMaterial:Warning: Failed to compile Material /Engine/Transient.Material_0 for platform PCD3D_ES2, Default Material will be used in game.
[2018.12.28-01.42.25:845][ 40]LogMaterial:Warning: 	(Node DDX) Node not supported in feature level ES2
[2018.12.28-01.42.25:845][ 40]LogMaterial:Warning: 	(Node DDY) Node not supported in feature level ES2
[2018.12.28-01.42.25:845][ 40]LogMaterial:Warning: 	(Node If) If input A must be of type float.
[2018.12.28-01.42.25:847][ 40]LogMaterial: Missing cached shader map for material Material_0, compiling. 
[2018.12.28-02.41.46:705][638]LogD3D11RHI: Timed out while waiting for GPU to catch up. (500 ms)
[2018.12.28-02.41.46:721][639]LogHttp:Warning: Timeout processing Http request. 0000000022729A80
[2018.12.28-03.38.59:592][819]LogBlueprintUserMessages: Early PlayInEditor Detection: Level '/Game/TopDownBP/Maps/TopDownExampleMap.TopDownExampleMap:PersistentLevel' has LevelScriptBlueprint '/Game/TopDownBP/Maps/TopDownExampleMap.TopDownExampleMap:PersistentLevel.TopDownExampleMap' with GeneratedClass '/Game/TopDownBP/Maps/TopDownExampleMap.TopDownExampleMap_C' with ClassGeneratedBy '/Game/TopDownBP/Maps/TopDownExampleMap.TopDownExampleMap:PersistentLevel.TopDownExampleMap'
[2018.12.28-03.38.59:719][819]LogPlayLevel: PlayLevel: No blueprints needed recompiling
[2018.12.28-03.39.00:029][819]PIE: New page: PIE session: TopDownExampleMap (Dec 28, 2018, 7:38:59 PM)
[2018.12.28-03.39.00:069][819]LogPlayLevel: Creating play world package: /Game/TopDownBP/Maps/UEDPIE_0_TopDownExampleMap
[2018.12.28-03.39.01:470][819]LogPlayLevel: PIE: StaticDuplicateObject took: (1.373514s)
[2018.12.28-03.39.01:766][819]LogAIModule: Creating AISystem for world TopDownExampleMap
[2018.12.28-03.39.01:963][819]LogPlayLevel: PIE: World Init took: (0.492842s)
[2018.12.28-03.39.01:963][819]LogPlayLevel: PIE: Created PIE world by copying editor world from /Game/TopDownBP/Maps/TopDownExampleMap.TopDownExampleMap to /Game/TopDownBP/Maps/UEDPIE_0_TopDownExampleMap.TopDownExampleMap (1.933712s)
[2018.12.28-03.39.03:100][819]LogInit: XAudio2 using 'Динамики (Устройство с поддержкой High Definition Audio)' : 2 channels at 44.1 kHz using 16 bits per sample (channel mask 0x3)
[2018.12.28-03.39.03:152][819]LogInit: FAudioDevice initialized.
[2018.12.28-03.39.04:602][819]LogWorld: Game clas