Log file open, 12/26/18 17:43:31
LogInit:Display: Running engine for game: TopDownMiniGame
LogPlatformFile: Not using cached read wrapper
LogInit:Display: RandInit(-1152446536) SRandInit(-1152446535).
LogTaskGraph: Started task graph with 4 named threads and 5 total threads.
LogStats: Stats thread started at 7.528812
LogInit: Version: 4.11.2-2946394+++UE4+Release-4.11
LogInit: API Version: 2927265
LogInit: Compiled (64-bit): Apr 18 2016 02:18:46
LogInit: Compiled with Visual C++: 19.00.23026.00
LogInit: Build Configuration: Development
LogInit: Branch Name: ++UE4+Release-4.11
LogInit: Command line:  
LogInit: Base directory: D:/UE_4.11/Engine/Binaries/Win64/
LogInit: Installed Engine Build: 1
LogInit: Using libcurl 7.41.0
LogInit:  - built for x86_64-pc-win32
LogInit:  - supports SSL with WinSSL
LogInit:  - other features:
LogInit:      CURL_VERSION_SSL
LogInit:      CURL_VERSION_IPV6
LogInit:      CURL_VERSION_ASYNCHDNS
LogInit:      CURL_VERSION_LARGEFILE
LogInit:      CURL_VERSION_IDN
LogInit:  CurlRequestOptions (configurable via config and command line):
LogInit:  - bVerifyPeer = true  - Libcurl will verify peer certificate
LogInit:  - bUseHttpProxy = false  - Libcurl will NOT use HTTP proxy
LogInit:  - bDontReuseConnections = false  - Libcurl will reuse connections
LogInit:  - CertBundlePath = nullptr  - Libcurl will use whatever was configured at build time.
LogInit: Presizing for max 16777216 objects, including 0 objects not considered by GC, pre-allocating 0 bytes for permanent pool.
LogInit: Object subsystem initialized
[2018.12.26-09.43.33:957][  0]LogInit: Selected Device Profile: [Windows]
[2018.12.26-09.43.33:957][  0]LogInit: Applying CVar settings loaded from the selected device profile: [Windows]
[2018.12.26-09.43.34:218][  0]LogInit: Computer: 1-ПК
[2018.12.26-09.43.34:218][  0]LogInit: User: 1
[2018.12.26-09.43.34:218][  0]LogInit: CPU Page size=65536, Cores=2
[2018.12.26-09.43.34:218][  0]LogInit: High frequency timer resolution =2.338486 MHz
[2018.12.26-09.43.34:224][  0]LogMemory: Memory total: Physical=3.9GB (4GB approx)
[2018.12.26-09.43.34:224][  0]LogMemory: Platform Memory Stats for Windows
[2018.12.26-09.43.34:224][  0]LogMemory: Process Physical Memory: 315.25 MB used, 315.25 MB peak
[2018.12.26-09.43.34:224][  0]LogMemory: Process Virtual Memory: 315.95 MB used, 315.95 MB peak
[2018.12.26-09.43.34:224][  0]LogMemory: Physical Memory: 2890.34 MB used, 4010.14 MB total
[2018.12.26-09.43.34:224][  0]LogMemory: Virtual Memory: 623.40 MB used, 8388608.00 MB total
[2018.12.26-09.43.40:146][  0]LogTextLocalizationManager: No translations for ('ru-RU') exist, falling back to 'en' for localization and internationalization data.
[2018.12.26-09.43.44:238][  0]LogD3D11RHI: D3D11 adapters:
[2018.12.26-09.43.46:758][  0]LogD3D11RHI:    0. 'NVIDIA GeForce 410M' (Feature Level 11_0)
[2018.12.26-09.43.46:758][  0]LogD3D11RHI:       979MB of dedicated video memory, 0MB of dedicated system memory, and 1749MB of shared system memory, 1 output[s]
[2018.12.26-09.43.46:781][  0]LogD3D11RHI:    1. 'NVIDIA GeForce 410M' (Feature Level 11_0)
[2018.12.26-09.43.46:781][  0]LogD3D11RHI:       979MB of dedicated video memory, 0MB of dedicated system memory, and 1749MB of shared system memory, 0 output[s]
[2018.12.26-09.43.46:781][  0]LogD3D11RHI: Chosen D3D11 Adapter: 0
[2018.12.26-09.43.46:834][  0]LogD3D11RHI: Creating new Direct3DDevice
[2018.12.26-09.43.46:834][  0]LogD3D11RHI:     Adapter Name: Intel(R) HD Graphics 3000
[2018.12.26-09.43.46:834][  0]LogD3D11RHI:   Driver Version: Unknown (internal Unknown)
[2018.12.26-09.43.46:835][  0]LogD3D11RHI:      Driver Date: Unknown
[2018.12.26-09.43.46:844][  0]LogRHI: Texture pool is 1297 MB (70% of 1854 MB)
[2018.12.26-09.43.46:863][  0]LogD3D11RHI: Async texture creation enabled
[2018.12.26-09.43.48:051][  0]LogShaderCompilers: Guid format shader working directory is -7 characters bigger than the processId version (../../../../sergey/UnrealProjects/TopDownMiniGame/Intermediate/Shaders/WorkingDirectory/6836/).
[2018.12.26-09.43.48:051][  0]LogShaderCompilers: Cleaned the shader compiler working directory 'C:/Users/1/AppData/Local/Temp/UnrealShaderWorkingDir/E383ADD14069DFAD4BC39591356B7A66/'.
[2018.12.26-09.43.48:062][  0]LogShaderCompilers:Display: Using Local Shader Compiler.
[2018.12.26-09.44.12:315][  0]LogTemp:Display: Loaded TP AllDesktopTargetPlatform
[2018.12.26-09.44.12:361][  0]LogTemp:Display: Loaded TP WindowsClientTargetPlatform
[2018.12.26-09.44.12:429][  0]LogTemp:Display: Loaded TP WindowsNoEditorTargetPlatform
[2018.12.26-09.44.12:521][  0]LogTemp:Display: Loaded TP WindowsServerTargetPlatform
[2018.12.26-09.44.12:585][  0]LogTemp:Display: Loaded TP WindowsTargetPlatform
[2018.12.26-09.44.12:652][  0]LogTemp:Display: Loaded TP AndroidTargetPlatform
[2018.12.26-09.44.12:701][  0]LogTemp:Display: Loaded TP Android_ASTCTargetPlatform
[2018.12.26-09.44.12:762][  0]LogTemp:Display: Loaded TP Android_ATCTargetPlatform
[2018.12.26-09.44.12:821][  0]LogTemp:Display: Loaded TP Android_DXTTargetPlatform
[2018.12.26-09.44.12:886][  0]LogTemp:Display: Loaded TP Android_ETC1TargetPlatform
[2018.12.26-09.44.12:942][  0]LogTemp:Display: Loaded TP Android_ETC2TargetPlatform
[2018.12.26-09.44.13:081][  0]LogTemp:Display: Loaded TP Android_MultiTargetPlatform
[2018.12.26-09.44.13:081][  0]LogTemp:Display: Loaded TP Android_PVRTCTargetPlatform
[2018.12.26-09.44.13:164][  0]LogTemp:Display: Loaded TP HTML5TargetPlatform
[2018.12.26-09.44.13:441][  0]LogTemp:Display: Loaded TP IOSTargetPlatform
[2018.12.26-09.44.13:452][  0]LogTemp:Display: Loaded TP TVOSTargetPlatform
[2018.12.26-09.44.13:553][  0]LogTemp:Display: Loaded TP LinuxNoEditorTargetPlatform
[2018.12.26-09.44.13:618][  0]LogTemp:Display: Loaded TP LinuxServerTargetPlatform
[2018.12.26-09.44.13:713][  0]LogTemp:Display: Loaded TP LinuxTargetPlatform
[2018.12.26-09.44.13:713][  0]LogTargetPlatformManager:Display: Building Assets For Windows
[2018.12.26-09.44.15:970][  0]LogDerivedDataCache:Display: Max Cache Size: 512 MB
[2018.12.26-09.44.16:717][  0]LogDerivedDataCache: Loaded boot cache 0.70s 46MB C:/Users/1/AppData/Local/UnrealEngine/4.11/DerivedDataCache/Boot.ddc.
[2018.12.26-09.44.16:717][  0]LogDerivedDataCache:Display: Loaded Boot cache: C:/Users/1/AppData/Local/UnrealEngine/4.11/DerivedDataCache/Boot.ddc
[2018.12.26-09.44.16:717][  0]LogDerivedDataCache: FDerivedDataBackendGraph:  Pak pak cache file ../../../../sergey/UnrealProjects/TopDownMiniGame/DerivedDataCache/DDC.ddp not found, will not use a pak cache.
[2018.12.26-09.44.16:717][  0]LogDerivedDataCache: Unable to find inner node Pak for hierarchical cache Hierarchy.
[2018.12.26-09.44.16:717][  0]LogDerivedDataCache: FDerivedDataBackendGraph:  CompressedPak pak cache file ../../../../sergey/UnrealProjects/TopDownMiniGame/DerivedDataCache/Compressed.ddp not found, will not use a pak cache.
[2018.12.26-09.44.16:718][  0]LogDerivedDataCache: Unable to find inner node CompressedPak for hierarchical cache Hierarchy.
[2018.12.26-09.44.16:817][  0]LogDerivedDataCache:Display: Pak cache opened for reading ../../../Engine/DerivedDataCache/Compressed.ddp.
[2018.12.26-09.44.16:855][  0]LogDerivedDataCache: Using Local data cache path C:/Users/1/AppData/Local/UnrealEngine/Common/DerivedDataCache: Writable
[2018.12.26-09.44.26:829][  0]LogInit: Selected Device Profile: [Windows]
[2018.12.26-09.44.27:620][  0]LogContentStreaming: Texture pool size is 0.00 MB
[2018.12.26-09.44.29:033][  0]LogMaterial: Uniform references updated for custom material expression Custom.
[2018.12.26-09.44.32:290][  0]LogMeshUtilities: No automatic mesh reduction module available
[2018.12.26-09.44.32:290][  0]LogMeshUtilities: No automatic mesh merging module available
[2018.12.26-09.44.32:290][  0]LogMeshUtilities: No distributed automatic mesh merging module available
[2018.12.26-09.44.45:317][  0]LogUObjectArray: 27679 objects as part of root set at end of initial load.
[2018.12.26-09.44.45:331][  0]LogUObjectAllocator: 5591600 out of 0 bytes used by permanent object pool.
[2018.12.26-09.44.45:331][  0]LogUObjectArray: CloseDisregardForGC: 0/0 objects in disregard for GC pool
[2018.12.26-09.44.45:370][  0]LogInit: WinSock: version 1.1 (2.2), MaxSocks=32767, MaxUdp=65467
[2018.12.26-09.44.51:678][  0]LogSlate: SlateFontCache - WITH_FREETYPE: 1, WITH_HARFBUZZ: 1
[2018.12.26-09.44.51:678][  0]LogSlate: SlateFontCache - WITH_FREETYPE: 1, WITH_HARFBUZZ: 1
[2018.12.26-09.44.57:935][  0]LogStreaming:Warning: Failed to read file '../../../Engine/Content/Editor/Slate/Common/Selection_16x.png' error.
[2018.12.26-09.44.57:935][  0]LogSlate: Could not find file for Slate resource: ../../../Engine/Content/Editor/Slate/Common/Selection_16x.png
[2018.12.26-09.44.57:935][  0]LogStreaming:Warning: Failed to read file '../../../Engine/Content/Editor/Slate/Common/Selection_16x.png' error.
[2018.12.26-09.44.57:935][  0]LogSlate: Could not find file for Slate resource: ../../../Engine/Content/Editor/Slate/Common/Selection_16x.png
[2018.12.26-09.44.57:935][  0]LogStreaming:Warning: Failed to read file '../../../Engine/Content/Editor/Slate/Common/Selection_16x.png' error.
[2018.12.26-09.44.57:935][  0]LogSlate: Could not find file for Slate resource: ../../../Engine/Content/Editor/Slate/Common/Selection_16x.png
[2018.12.26-09.45.33:761][  0]LogUdpMessaging: Initializing bridge on interface 0.0.0.0:0 to multicast group 230.0.0.1:6666.
[2018.12.26-09.45.34:628][  0]LogAssetRegistry: FAssetRegistry took 0.0296 seconds to start up
[2018.12.26-09.45.41:824][  0]SourceControl: Info Source control is disabled
[2018.12.26-09.45.41:839][  0]SourceControl: Info Source control is disabled
[2018.12.26-09.45.42:139][  0]SourceControl: Info Source control is disabled
[2018.12.26-09.45.42:287][  0]SourceControl: Info Source control is disabled
[2018.12.26-09.45.44:131][  0]LogHMD: Failed to initialize OpenVR with code 110
[2018.12.26-09.45.47:403][  0]LogAutomationTest:Warning: Smoke tests took > 1s to run: 2.46s
[2018.12.26-09.45.47:482][  0]LogEngine: Initializing Engine...
[2018.12.26-09.45.50:648][  0]LogAIModule: Creating AISystem for world NewWorld
[2018.12.26-09.45.50:972][  0]LogInit: XAudio2 using 'Динамики (Устройство с поддержкой High Definition Audio)' : 2 channels at 44.1 kHz using 16 bits per sample (channel mask 0x3)
[2018.12.26-09.45.51:134][  0]LogInit: FAudioDevice initialized.
[2018.12.26-09.45.51:183][  0]LogDerivedDataCache: Saved boot cache 0.05s 46MB C:/Users/1/AppData/Local/UnrealEngine/4.11/DerivedDataCache/Boot.ddc.
[2018.12.26-09.45.51:194][  0]LogInit: Texture streaming: Enabled
[2018.12.26-09.45.55:902][  0]LogInit: Transaction tracking system initialized
[2018.12.26-09.46.01:461][  0]BlueprintLog: New page: Editor Load
[2018.12.26-09.46.16:953][  0]LocalizationService: Info Localization service is disabled
[2018.12.26-09.46.26:416][  0]LogConsoleResponse:Display: 
[2018.12.26-09.46.38:574][  0]LogFileCache: Scanning file cache for directory 'D:/sergey/UnrealProjects/TopDownMiniGame/Content/' took 0.02s
[2018.12.26-09.46.38:574][  0]LogCook:Display: Max memory allowance for cook 8192mb
[2018.12.26-09.46.38:574][  0]LogCook:Display: Mobile HDR setting 1
[2018.12.26-09.46.38:670][  0]LogCook:Display: Done creating registry. It took  0.00s.
[2018.12.26-09.46.46:565][  0]SourceControl: Info Source control is disabled
[2018.12.26-09.46.46:780][  0]Cmd: MAP LOAD FILE="../../../../sergey/UnrealProjects/TopDownMiniGame/Content/TopDownBP/Maps/TopDownExampleMap.umap" TEMPLATE=0 SHOWPROGRESS=1 FEATURELEVEL=3
[2018.12.26-09.46.46:931][  0]LightingResults: New page: Lighting Build
[2018.12.26-09.46.48:081][  0]MapCheck: New page: Map Check
[2018.12.26-09.46.48:081][  0]LightingResults: New page: Lighting Build
[2018.12.26-09.47.11:953][  0]LogAIModule: Creating AISystem for world TopDownExampleMap
[2018.12.26-09.47.17:578][  0]LogEditorServer: Finished looking for orphan Actors (0.000 secs)
[2018.12.26-09.47.18:890][  0]Cmd: MAP CHECKDEP NOCLEARLOG
[2018.12.26-09.47.19:242][  0]MapCheck: Info Map check complete: 0 Error(s), 0 Warning(s), took 352.084ms to complete.
[2018.12.26-09.47.19:296][  0]LogFileHelpers: Loading map 'TopDownExampleMap' took 32.584
[2018.12.26-09.47.35:548][  0]LogCollectionManager: Loaded 0 collections in 0.003779 seconds
[2018.12.26-09.47.38:214][  0]LogFileCache: Scanning file cache for directory 'D:/sergey/UnrealProjects/TopDownMiniGame/Saved/Collections/' took 0.01s
[2018.12.26-09.47.38:214][  0]LogFileCache: Scanning file cache for directory 'D:/sergey/UnrealProjects/TopDownMiniGame/Content/Developers/1/Collections/' took 0.01s
[2018.12.26-09.47.38:214][  0]LogFileCache: Scanning file cache for directory 'D:/sergey/UnrealProjects/TopDownMiniGame/Content/Collections/' took 0.00s
[2018.12.26-09.47.38:214][  0]LogCollectionManager: Rebuilt the GUID cache for 0 collections in 0.000006 seconds
[2018.12.26-09.47.38:393][  0]LogContentBrowser: Native class hierarchy populated in 0.1435 seconds. Added 1980 classes and 345 folders.
[2018.12.26-09.47.39:098][  0]LogStats: UGameplayTagsManager::ConstructGameplayTagTree: Construct from data asset -  0.035 s
[2018.12.26-09.47.39:129][  0]LogStats: UGameplayTagsManager::ConstructGameplayTagTree: GameplayTagTreeChangedEvent.Broadcast -  0.031 s
[2018.12.26-09.47.39:232][  0]LogContentBrowser: Native class hierarchy updated for 'GameplayTags' in 0.0010 seconds. Added 12 classes and 0 folders.
[2018.12.26-09.47.39:398][  0]LogContentBrowser: Native class hierarchy updated for 'WidgetCarousel' in 0.0025 seconds. Added 0 classes and 0 folders.
[2018.12.26-09.47.41:709][  0]LogContentBrowser: Native class hierarchy updated for 'SuperSearch' in 0.0006 seconds. Added 1 classes and 2 folders.
[2018.12.26-09.47.44:583][  0]LogContentBrowser: Native class hierarchy updated for 'AddContentDialog' in 0.0006 seconds. Added 0 classes and 0 folders.
[2018.12.26-09.47.45:487][  0]LogCrashTracker: Crashtracker disabled due to settings.
[2018.12.26-09.47.45:977][  0]LogUObjectGlobals:Warning: Failed to find object 'Class None.'
[2018.12.26-09.47.46:251][  0]LogContentBrowser: Native class hierarchy updated for 'HierarchicalLODOutliner' in 0.0012 seconds. Added 1 classes and 2 folders.
[2018.12.26-09.47.46:251][  0]LogLoad: Full Startup: 272.19 seconds (BP compile: 3.52 seconds)
[2018.12.26-09.47.46:285][  0]LogExternalProfiler: Found external profiler: VSPerf
[2018.12.26-09.47.46:285][  0]LogExternalProfiler: Using external profiler: VSPerf
[2018.12.26-09.47.46:763][  0]LogOcInput: OculusInput pre-init called
[2018.12.26-09.47.47:942][  0]LogContentStreaming: Texture pool size now 200 MB
[2018.12.26-09.47.50:709][  0]LogRenderer: Reallocating scene render targets to support 808x648 (Frame:2).
[2018.12.26-09.47.53:013][  2]LogAssetRegistry: Asset discovery search completed in 138.4057 seconds
[2018.12.26-09.47.53:048][  2]LogCollectionManager: Rebuilt the object cache for 0 collections in 0.000001 seconds (found 0 objects)
[2018.12.26-09.47.53:048][  2]LogCollectionManager: Fixed up redirectors for 0 collections in 0.035254 seconds (updated 0 objects)
[2018.12.26-09.51.00:485][551]LogEditorViewport: Clicking on Actor (context menu): StaticMeshActor (Floor)
[2018.12.26-09.51.15:766][562]LogBlueprintUserMessages: Early PlayInEditor Detection: Level '/Game/TopDownBP/Maps/TopDownExampleMap.TopDownExampleMap:PersistentLevel' has LevelScriptBlueprint '/Game/TopDownBP/Maps/TopDownExampleMap.TopDownExampleMap:PersistentLevel.TopDownExampleMap' with GeneratedClass '/Game/TopDownBP/Maps/TopDownExampleMap.TopDownExampleMap_C' with ClassGeneratedBy '/Game/TopDownBP/Maps/TopDownExampleMap.TopDownExampleMap:PersistentLevel.TopDownExampleMap'
[2018.12.26-09.51.15:790][562]LogPlayLevel: PlayLevel: No blueprints needed recompiling
[2018.12.26-09.51.17:739][562]PIE: New page: PIE session: TopDownExampleMap (Dec 27, 2018, 1:51:16 AM)
[2018.12.26-09.51.17:769][562]LogPlayLevel: Creating play world package: /Game/TopDownBP/Maps/UEDPIE_0_TopDownExampleMap
[2018.12.26-09.51.17:940][562]LogPlayLevel: PIE: StaticDuplicateObject took: (0.170743s)
[2018.12.26-09.51.17:941][562]LogAIModule: Creating AISystem for world TopDownExampleMap
[2018.12.26-09.51.17:941][562]LogPlayLevel: PIE: World Init took: (0.000994s)
[2018.12.26-09.51.18:007][562]LogPlayLevel: PIE: Created PIE world by copying editor world from /Game/TopDownBP/Maps/TopDownExampleMap.TopDownExampleMap to /Game/TopDownBP/Maps/UEDPIE_0_TopDownExampleMap.TopDownExampleMap (0.237894s)
[2018.12.26-09.51.18:038][562]LogActorComponent: UnregisterComponent: (/Engine/Transient.CharMoveComp) Not registered. Aborting.
[2018.12.26-09.51.18:038][562]LogActorComponent: UnregisterComponent: (/Engine/Transient.Interactable_GEN_VARIABLE) Not registered. Aborting.
[2018.12.26-09.51.19:077][562]LogInit: XAudio2 using 'Динамики (Устройство с поддержкой High Definition Audio)' : 2 channels at 44.1 kHz using 16 bits per sample (channel mask 0x3)
[2018.12.26-09.51.19:091][562]LogInit: FAudioDevice initialized.
[2018.12.26-09.51.20:057][562]LogWorld: Game class is 'TopDownGameMode_C'
[2018.12.26-09.51.20:470][562]LogWorld: Bringing World /Game/TopDownBP/Maps/UEDPIE_0_TopDownExampleMap.TopDownExampleMap up for play (max tick rate 60) at 2018.12.26-17.51.20
[2018.12.26-09.51.20:610][562]LogWorld: Bringing up level for play took: 0.148172
[2018.12.26-09.51.21:101][562]LogContentBrowser: Native class hierarchy updated for 'MovieSceneCapture' in 0.0007 seconds. Added 9 classes and 0 folders.
[2018.12.26-09.51.21:367][562]LogBlueprintUserMessages: [Quest_Test_C_0] Соберите 5 коробок.
[2018.12.26-09.51.21:712][562]PIE: Info Play in editor start time for /Game/TopDownBP/Maps/UEDPIE_0_TopDownExampleMap 6.583
[2018.12.26-09.51.21:712][562]LogBlueprintUserMessages: Late PlayInEditor Detection: Level '/Game/TopDownBP/Maps/TopDownExampleMap.TopDownExampleMap:PersistentLevel' has LevelScriptBlueprint '/Game/TopDownBP/Maps/TopDownExampleMap.TopDownExampleMap:PersistentLevel.TopDownExampleMap' with GeneratedClass '/Game/TopDownBP/Maps/TopDownExampleMap.TopDownExampleMap_C' with ClassGeneratedBy '/Game/TopDownBP/Maps/TopDownExampleMap.TopDownExampleMap:PersistentLevel.TopDownExampleMap'
[2018.12.26-09.51.22:469][563]LogBlueprintUserMessages: [Interactable] Hello
[2018.12.26-09.51.24:540][626]LogBlueprintUserMessages: [PickUpItem] Hello
[2018.12.26-09.51.24:952][645]LogBlueprintUserMessages: [Interactable] Hello
[2018.12.26-09.51.25:035][648]LogBlueprintUserMessages: [Interactable] Hello
[2018.12.26-09.51.26:609][722]LogBlueprintUserMessages: [PickUpItem] Hello
[2018.12.26-09.51.27:089][744]LogBlueprintUserMessages: [Interactable] Hello
[2018.12.26-09.51.27:130][746]LogBlueprintUserMessages: [Interactable] Hello
[2018.12.26-09.51.28:970][833]LogBlueprintUserMessages: [TopDownController_C_0] X=145.002 Y=126.003
[2018.12.26-09.51.28:989][834]LogBlueprintUserMessages: [TopDownController_C_0] X=147.999 Y=126.999
[2018.12.26-09.51.29:016][835]LogBlueprintUserMessages: [TopDownController_C_0] X=154.000 Y=129.001
[2018.12.26-09.51.29:041][836]LogBlueprintUserMessages: [TopDownController_C_0] X=165.000 Y=141.000
[2018.12.26-09.51.29:062][837]LogBlueprintUserMessages: [TopDownController_C_0] X=178.004 Y=150.005
[2018.12.26-09.51.29:084][838]LogBlueprintUserMessages: [TopDownController_C_0] X=200.001 Y=169.002
[2018.12.26-09.51.29:107][839]LogBlueprintUserMessages: [TopDownController_C_0] X=235.001 Y=194.002
[2018.12.26-09.51.29:128][840]LogBlueprintUserMessages: [TopDownController_C_0] X=268.004 Y=218.004
[2018.12.26-09.51.29:149][841]LogBlueprintUserMessages: [TopDownController_C_0] X=304.998 Y=242.999
[2018.12.26-09.51.29:170][842]LogBlueprintUserMessages: [TopDownController_C_0] X=335.002 Y=264.002
[2018.12.26-09.51.29:192][843]LogBlueprintUserMessages: [TopDownController_C_0] X=364.002 Y=283.004
[2018.12.26-09.51.29:213][844]LogBlueprintUserMessages: [TopDownController_C_0] X=15.577 Y=17.422
[2018.12.26-09.51.29:232][845]LogBlueprintUserMessages: [TopDownController_C_0] X=15.577 Y=17.422
[2018.12.26-09.51.29:256][846]LogBlueprintUserMessages: [TopDownController_C_0] X=15.577 Y=17.422
[2018.12.26-09.51.29:277][847]LogBlueprintUserMessages: [TopDownController_C_0] X=15.577 Y=17.422
[2018.12.26-09.51.29:298][848]LogBlueprintUserMessages: [TopDownController_C_0] X=15.577 Y=17.422
[2018.12.26-09.51.29:320][849]LogBlueprintUserMessages: [TopDownController_C_0] X=15.577 Y=17.422
[2018.12.26-09.51.29:713][867]LogBlueprintUserMessages: [TopDownController_C_0] X=120.005 Y=117.006
[2018.12.26-09.51.29:732][868]LogBlueprintUserMessages: [TopDownController_C_0] X=120.005 Y=117.006
[2018.12.26-09.51.29:753][869]LogBlueprintUserMessages: [TopDownController_C_0] X=121.002 Y=117.003
[2018.12.26-09.51.29:774][870]LogBlueprintUserMessages: [TopDownController_C_0] X=121.002 Y=117.003
[2018.12.26-09.51.29:794][871]LogBlueprintUserMessages: [TopDownController_C_0] X=121.002 Y=117.003
[2018.12.26-09.51.29:817][872]LogBlueprintUserMessages: [TopDownController_C_0] X=121.002 Y=117.003
[2018.12.26-09.51.29:838][873]LogBlueprintUserMessages: [TopDownController_C_0] X=121.002 Y=117.003
[2018.12.26-09.51.29:859][874]LogBlueprintUserMessages: [TopDownController_C_0] X=121.002 Y=117.003
[2018.12.26-09.51.29:881][875]LogBlueprintUserMessages: [TopDownController_C_0] X=121.003 Y=119.003
[2018.12.26-09.51.29:902][876]LogBlueprintUserMessages: [TopDownController_C_0] X=123.004 Y=121.006
[2018.12.26-09.51.29:922][877]LogBlueprintUserMessages: [TopDownController_C_0] X=127.002 Y=123.002
[2018.12.26-09.51.29:943][878]LogBlueprintUserMessages: [TopDownController_C_0] X=133.006 Y=123.007
[2018.12.26-09.51.29:966][879]LogBlueprintUserMessages: [TopDownController_C_0] X=140.012 Y=123.013
[2018.12.26-09.51.29:989][880]LogBlueprintUserMessages: [TopDownController_C_0] X=151.003 Y=123.004
[2018.12.26-09.51.30:011][881]LogBlueprintUserMessages: [TopDownController_C_0] X=161.002 Y=126.002
[2018.12.26-09.51.30:033][882]LogBlueprintUserMessages: [TopDownController_C_0] X=166.002 Y=127.002
[2018.12.26-09.51.30:056][883]LogBlueprintUserMessages: [TopDownController_C_0] X=171.005 Y=127.005
[2018.12.26-09.51.30:079][884]LogBlueprintUserMessages: [TopDownController_C_0] X=174.999 Y=125.000
[2018.12.26-09.51.30:101][885]LogBlueprintUserMessages: [TopDownController_C_0] X=180.000 Y=124.001
[2018.12.26-09.51.30:123][886]LogBlueprintUserMessages: [TopDownController_C_0] X=185.005 Y=121.007
[2018.12.26-09.51.30:146][887]LogBlueprintUserMessages: [TopDownController_C_0] X=189.002 Y=117.003
[2018.12.26-09.51.30:168][888]LogBlueprintUserMessages: [TopDownController_C_0] X=192.004 Y=112.004
[2018.12.26-09.51.30:193][889]LogBlueprintUserMessages: [TopDownController_C_0] X=194.003 Y=104.003
[2018.12.26-09.51.30:214][890]LogBlueprintUserMessages: [TopDownController_C_0] X=195.005 Y=96.005
[2018.12.26-09.51.30:235][891]LogBlueprintUserMessages: [TopDownController_C_0] X=195.001 Y=89.001
[2018.12.26-09.51.30:257][892]LogBlueprintUserMessages: [TopDownController_C_0] X=193.002 Y=84.001
[2018.12.26-09.51.30:278][893]LogBlueprintUserMessages: [TopDownController_C_0] X=188.006 Y=81.006
[2018.12.26-09.51.30:297][894]LogBlueprintUserMessages: [TopDownController_C_0] X=179.001 Y=76.003
[2018.12.26-09.51.30:320][895]LogBlueprintUserMessages: [TopDownController_C_0] X=163.004 Y=72.005
[2018.12.26-09.51.30:341][896]LogBlueprintUserMessages: [TopDownController_C_0] X=147.001 Y=71.001
[2018.12.26-09.51.30:361][897]LogBlueprintUserMessages: [TopDownController_C_0] X=126.002 Y=78.003
[2018.12.26-09.51.30:385][898]LogBlueprintUserMessages: [TopDownController_C_0] X=110.001 Y=88.001
[2018.12.26-09.51.30:404][899]LogBlueprintUserMessages: [TopDownController_C_0] X=96.000 Y=102.001
[2018.12.26-09.51.30:427][900]LogBlueprintUserMessages: [TopDownController_C_0] X=91.006 Y=121.006
[2018.12.26-09.51.30:449][901]LogBlueprintUserMessages: [TopDownController_C_0] X=94.004 Y=145.005
[2018.12.26-09.51.30:470][902]LogBlueprintUserMessages: [TopDownController_C_0] X=103.001 Y=169.002
[2018.12.26-09.51.30:491][903]LogBlueprintUserMessages: [TopDownController_C_0] X=116.998 Y=195.999
[2018.12.26-09.51.30:513][904]LogBlueprintUserMessages: [TopDownController_C_0] X=140.005 Y=219.005
[2018.12.26-09.51.30:534][905]LogBlueprintUserMessages: 