Log file open, 12/28/18 20:29:28
LogInit:Display: Running engine for game: TopDownMiniGame
LogPlatformFile: Not using cached read wrapper
LogInit:Display: RandInit(-1887172482) SRandInit(-1887172480).
LogTaskGraph: Started task graph with 4 named threads and 5 total threads.
LogStats: Stats thread started at 6.137659
LogInit: Version: 4.11.2-2946394+++UE4+Release-4.11
LogInit: API Version: 2927265
LogInit: Compiled (64-bit): Apr 18 2016 02:18:46
LogInit: Compiled with Visual C++: 19.00.23026.00
LogInit: Build Configuration: Development
LogInit: Branch Name: ++UE4+Release-4.11
LogInit: Command line:  
LogInit: Base directory: D:/UE_4.11/Engine/Binaries/Win64/
LogInit: Installed Engine Build: 1
LogInit: Using libcurl 7.41.0
LogInit:  - built for x86_64-pc-win32
LogInit:  - supports SSL with WinSSL
LogInit:  - other features:
LogInit:      CURL_VERSION_SSL
LogInit:      CURL_VERSION_IPV6
LogInit:      CURL_VERSION_ASYNCHDNS
LogInit:      CURL_VERSION_LARGEFILE
LogInit:      CURL_VERSION_IDN
LogInit:  CurlRequestOptions (configurable via config and command line):
LogInit:  - bVerifyPeer = true  - Libcurl will verify peer certificate
LogInit:  - bUseHttpProxy = false  - Libcurl will NOT use HTTP proxy
LogInit:  - bDontReuseConnections = false  - Libcurl will reuse connections
LogInit:  - CertBundlePath = nullptr  - Libcurl will use whatever was configured at build time.
LogInit: Presizing for max 16777216 objects, including 0 objects not considered by GC, pre-allocating 0 bytes for permanent pool.
LogInit: Object subsystem initialized
[2018.12.28-12.29.30:387][  0]LogInit: Selected Device Profile: [Windows]
[2018.12.28-12.29.30:387][  0]LogInit: Applying CVar settings loaded from the selected device profile: [Windows]
[2018.12.28-12.29.30:681][  0]LogInit: Computer: 1-ПК
[2018.12.28-12.29.30:681][  0]LogInit: User: 1
[2018.12.28-12.29.30:681][  0]LogInit: CPU Page size=65536, Cores=2
[2018.12.28-12.29.30:681][  0]LogInit: High frequency timer resolution =2.338496 MHz
[2018.12.28-12.29.30:698][  0]LogMemory: Memory total: Physical=3.9GB (4GB approx)
[2018.12.28-12.29.30:698][  0]LogMemory: Platform Memory Stats for Windows
[2018.12.28-12.29.30:699][  0]LogMemory: Process Physical Memory: 314.89 MB used, 314.89 MB peak
[2018.12.28-12.29.30:699][  0]LogMemory: Process Virtual Memory: 315.97 MB used, 315.97 MB peak
[2018.12.28-12.29.30:699][  0]LogMemory: Physical Memory: 2836.50 MB used, 4010.14 MB total
[2018.12.28-12.29.30:699][  0]LogMemory: Virtual Memory: 623.40 MB used, 8388608.00 MB total
[2018.12.28-12.29.35:431][  0]LogTextLocalizationManager: No translations for ('ru-RU') exist, falling back to 'en' for localization and internationalization data.
[2018.12.28-12.29.39:892][  0]LogD3D11RHI: D3D11 adapters:
[2018.12.28-12.29.42:422][  0]LogD3D11RHI:    0. 'NVIDIA GeForce 410M' (Feature Level 11_0)
[2018.12.28-12.29.42:422][  0]LogD3D11RHI:       979MB of dedicated video memory, 0MB of dedicated system memory, and 1749MB of shared system memory, 1 output[s]
[2018.12.28-12.29.42:445][  0]LogD3D11RHI:    1. 'NVIDIA GeForce 410M' (Feature Level 11_0)
[2018.12.28-12.29.42:445][  0]LogD3D11RHI:       979MB of dedicated video memory, 0MB of dedicated system memory, and 1749MB of shared system memory, 0 output[s]
[2018.12.28-12.29.42:445][  0]LogD3D11RHI: Chosen D3D11 Adapter: 0
[2018.12.28-12.29.42:486][  0]LogD3D11RHI: Creating new Direct3DDevice
[2018.12.28-12.29.42:486][  0]LogD3D11RHI:     Adapter Name: Intel(R) HD Graphics 3000
[2018.12.28-12.29.42:486][  0]LogD3D11RHI:   Driver Version: Unknown (internal Unknown)
[2018.12.28-12.29.42:487][  0]LogD3D11RHI:      Driver Date: Unknown
[2018.12.28-12.29.42:497][  0]LogRHI: Texture pool is 1297 MB (70% of 1854 MB)
[2018.12.28-12.29.42:514][  0]LogD3D11RHI: Async texture creation enabled
[2018.12.28-12.29.44:503][  0]LogShaderCompilers: Guid format shader working directory is -7 characters bigger than the processId version (../../../../sergey/UnrealProjects/TopDownMiniGame/Intermediate/Shaders/WorkingDirectory/2428/).
[2018.12.28-12.29.44:503][  0]LogShaderCompilers: Cleaned the shader compiler working directory 'C:/Users/1/AppData/Local/Temp/UnrealShaderWorkingDir/5C09895F41666F9B6D1F818675F61C79/'.
[2018.12.28-12.29.44:514][  0]LogShaderCompilers:Display: Using Local Shader Compiler.
[2018.12.28-12.30.05:356][  0]LogTemp:Display: Loaded TP AllDesktopTargetPlatform
[2018.12.28-12.30.05:448][  0]LogTemp:Display: Loaded TP WindowsClientTargetPlatform
[2018.12.28-12.30.05:505][  0]LogTemp:Display: Loaded TP WindowsNoEditorTargetPlatform
[2018.12.28-12.30.05:552][  0]LogTemp:Display: Loaded TP WindowsServerTargetPlatform
[2018.12.28-12.30.05:595][  0]LogTemp:Display: Loaded TP WindowsTargetPlatform
[2018.12.28-12.30.05:660][  0]LogTemp:Display: Loaded TP AndroidTargetPlatform
[2018.12.28-12.30.05:689][  0]LogTemp:Display: Loaded TP Android_ASTCTargetPlatform
[2018.12.28-12.30.05:728][  0]LogTemp:Display: Loaded TP Android_ATCTargetPlatform
[2018.12.28-12.30.05:777][  0]LogTemp:Display: Loaded TP Android_DXTTargetPlatform
[2018.12.28-12.30.05:834][  0]LogTemp:Display: Loaded TP Android_ETC1TargetPlatform
[2018.12.28-12.30.05:890][  0]LogTemp:Display: Loaded TP Android_ETC2TargetPlatform
[2018.12.28-12.30.05:992][  0]LogTemp:Display: Loaded TP Android_MultiTargetPlatform
[2018.12.28-12.30.05:992][  0]LogTemp:Display: Loaded TP Android_PVRTCTargetPlatform
[2018.12.28-12.30.06:041][  0]LogTemp:Display: Loaded TP HTML5TargetPlatform
[2018.12.28-12.30.06:491][  0]LogTemp:Display: Loaded TP IOSTargetPlatform
[2018.12.28-12.30.06:496][  0]LogTemp:Display: Loaded TP TVOSTargetPlatform
[2018.12.28-12.30.06:540][  0]LogTemp:Display: Loaded TP LinuxNoEditorTargetPlatform
[2018.12.28-12.30.06:582][  0]LogTemp:Display: Loaded TP LinuxServerTargetPlatform
[2018.12.28-12.30.06:644][  0]LogTemp:Display: Loaded TP LinuxTargetPlatform
[2018.12.28-12.30.06:654][  0]LogTargetPlatformManager:Display: Building Assets For Windows
[2018.12.28-12.30.08:374][  0]LogDerivedDataCache:Display: Max Cache Size: 512 MB
[2018.12.28-12.30.14:581][  0]LogDerivedDataCache: Loaded boot cache 6.17s 46MB C:/Users/1/AppData/Local/UnrealEngine/4.11/DerivedDataCache/Boot.ddc.
[2018.12.28-12.30.14:581][  0]LogDerivedDataCache:Display: Loaded Boot cache: C:/Users/1/AppData/Local/UnrealEngine/4.11/DerivedDataCache/Boot.ddc
[2018.12.28-12.30.14:581][  0]LogDerivedDataCache: FDerivedDataBackendGraph:  Pak pak cache file ../../../../sergey/UnrealProjects/TopDownMiniGame/DerivedDataCache/DDC.ddp not found, will not use a pak cache.
[2018.12.28-12.30.14:581][  0]LogDerivedDataCache: Unable to find inner node Pak for hierarchical cache Hierarchy.
[2018.12.28-12.30.14:581][  0]LogDerivedDataCache: FDerivedDataBackendGraph:  CompressedPak pak cache file ../../../../sergey/UnrealProjects/TopDownMiniGame/DerivedDataCache/Compressed.ddp not found, will not use a pak cache.
[2018.12.28-12.30.14:581][  0]LogDerivedDataCache: Unable to find inner node CompressedPak for hierarchical cache Hierarchy.
[2018.12.28-12.30.14:715][  0]LogDerivedDataCache:Display: Pak cache opened for reading ../../../Engine/DerivedDataCache/Compressed.ddp.
[2018.12.28-12.30.14:762][  0]LogDerivedDataCache: Using Local data cache path C:/Users/1/AppData/Local/UnrealEngine/Common/DerivedDataCache: Writable
[2018.12.28-12.30.31:988][  0]LogInit: Selected Device Profile: [Windows]
[2018.12.28-12.30.32:879][  0]LogContentStreaming: Texture pool size is 0.00 MB
[2018.12.28-12.30.40:457][  0]LogMaterial: Uniform references updated for custom material expression Custom.
[2018.12.28-12.30.45:626][  0]LogMeshUtilities: No automatic mesh reduction module available
[2018.12.28-12.30.45:626][  0]LogMeshUtilities: No automatic mesh merging module available
[2018.12.28-12.30.45:626][  0]LogMeshUtilities: No distributed automatic mesh merging module available
[2018.12.28-12.30.56:658][  0]LogUObjectArray: 27679 objects as part of root set at end of initial load.
[2018.12.28-12.30.56:672][  0]LogUObjectAllocator: 5591600 out of 0 bytes used by permanent object pool.
[2018.12.28-12.30.56:672][  0]LogUObjectArray: CloseDisregardForGC: 0/0 objects in disregard for GC pool
[2018.12.28-12.30.56:717][  0]LogInit: WinSock: version 1.1 (2.2), MaxSocks=32767, MaxUdp=65467
[2018.12.28-12.31.01:215][  0]LogSlate: SlateFontCache - WITH_FREETYPE: 1, WITH_HARFBUZZ: 1
[2018.12.28-12.31.01:215][  0]LogSlate: SlateFontCache - WITH_FREETYPE: 1, WITH_HARFBUZZ: 1
[2018.12.28-12.31.05:308][  0]LogStreaming:Warning: Failed to read file '../../../Engine/Content/Editor/Slate/Common/Selection_16x.png' error.
[2018.12.28-12.31.05:308][  0]LogSlate: Could not find file for Slate resource: ../../../Engine/Content/Editor/Slate/Common/Selection_16x.png
[2018.12.28-12.31.05:308][  0]LogStreaming:Warning: Failed to read file '../../../Engine/Content/Editor/Slate/Common/Selection_16x.png' error.
[2018.12.28-12.31.05:308][  0]LogSlate: Could not find file for Slate resource: ../../../Engine/Content/Editor/Slate/Common/Selection_16x.png
[2018.12.28-12.31.05:308][  0]LogStreaming:Warning: Failed to read file '../../../Engine/Content/Editor/Slate/Common/Selection_16x.png' error.
[2018.12.28-12.31.05:308][  0]LogSlate: Could not find file for Slate resource: ../../../Engine/Content/Editor/Slate/Common/Selection_16x.png
[2018.12.28-12.31.20:520][  0]LogUdpMessaging: Initializing bridge on interface 0.0.0.0:0 to multicast group 230.0.0.1:6666.
[2018.12.28-12.31.22:399][  0]LogAssetRegistry: FAssetRegistry took 0.0480 seconds to start up
[2018.12.28-12.31.29:777][  0]SourceControl: Info Source control is disabled
[2018.12.28-12.31.29:792][  0]SourceControl: Info Source control is disabled
[2018.12.28-12.31.30:023][  0]SourceControl: Info Source control is disabled
[2018.12.28-12.31.30:194][  0]SourceControl: Info Source control is disabled
[2018.12.28-12.31.32:402][  0]LogHMD: Failed to initialize OpenVR with code 110
[2018.12.28-12.31.35:455][  0]LogAutomationTest:Warning: Smoke tests took > 1s to run: 2.28s
[2018.12.28-12.31.36:022][  0]LogEngine: Initializing Engine...
[2018.12.28-12.31.48:997][  0]LogAIModule: Creating AISystem for world NewWorld
[2018.12.28-12.31.51:256][  0]LogInit: XAudio2 using 'Динамики (Устройство с поддержкой High Definition Audio)' : 2 channels at 44.1 kHz using 16 bits per sample (channel mask 0x3)
[2018.12.28-12.31.51:632][  0]LogInit: FAudioDevice initialized.
[2018.12.28-12.31.51:941][  0]LogDerivedDataCache: Saved boot cache 0.31s 46MB C:/Users/1/AppData/Local/UnrealEngine/4.11/DerivedDataCache/Boot.ddc.
[2018.12.28-12.31.51:951][  0]LogInit: Texture streaming: Enabled
[2018.12.28-12.31.55:065][  0]LogInit: Transaction tracking system initialized
[2018.12.28-12.31.58:674][  0]BlueprintLog: New page: Editor Load
[2018.12.28-12.32.11:616][  0]LocalizationService: Info Localization service is disabled
[2018.12.28-12.32.21:918][  0]LogConsoleResponse:Display: 
[2018.12.28-12.32.43:225][  0]LogFileCache: Scanning file cache for directory 'D:/sergey/UnrealProjects/TopDownMiniGame/Content/' took 0.02s
[2018.12.28-12.32.43:225][  0]LogCook:Display: Max memory allowance for cook 8192mb
[2018.12.28-12.32.43:225][  0]LogCook:Display: Mobile HDR setting 1
[2018.12.28-12.32.43:277][  0]LogCook:Display: Done creating registry. It took  0.00s.
[2018.12.28-12.32.52:864][  0]SourceControl: Info Source control is disabled
[2018.12.28-12.32.54:121][  0]Cmd: MAP LOAD FILE="../../../../sergey/UnrealProjects/TopDownMiniGame/Content/TopDownBP/Maps/TopDownExampleMap.umap" TEMPLATE=0 SHOWPROGRESS=1 FEATURELEVEL=3
[2018.12.28-12.32.54:334][  0]LightingResults: New page: Lighting Build
[2018.12.28-12.32.56:478][  0]MapCheck: New page: Map Check
[2018.12.28-12.32.56:478][  0]LightingResults: New page: Lighting Build
[2018.12.28-12.33.41:240][  0]LogAIModule: Creating AISystem for world TopDownExampleMap
[2018.12.28-12.33.47:774][  0]LogEditorServer: Finished looking for orphan Actors (0.000 secs)
[2018.12.28-12.33.48:452][  0]Cmd: MAP CHECKDEP NOCLEARLOG
[2018.12.28-12.33.48:654][  0]MapCheck: Info Map check complete: 0 Error(s), 0 Warning(s), took 201.502ms to complete.
[2018.12.28-12.33.48:654][  0]LogFileHelpers: Loading map 'TopDownExampleMap' took 54.855
[2018.12.28-12.34.12:335][  0]LogCollectionManager: Loaded 0 collections in 0.053800 seconds
[2018.12.28-12.34.16:742][  0]LogFileCache: Scanning file cache for directory 'D:/sergey/UnrealProjects/TopDownMiniGame/Saved/Collections/' took 0.01s
[2018.12.28-12.34.16:742][  0]LogFileCache: Scanning file cache for directory 'D:/sergey/UnrealProjects/TopDownMiniGame/Content/Developers/1/Collections/' took 0.00s
[2018.12.28-12.34.16:742][  0]LogFileCache: Scanning file cache for directory 'D:/sergey/UnrealProjects/TopDownMiniGame/Content/Collections/' took 0.00s
[2018.12.28-12.34.16:742][  0]LogCollectionManager: Rebuilt the GUID cache for 0 collections in 0.000012 seconds
[2018.12.28-12.34.17:034][  0]LogContentBrowser: Native class hierarchy populated in 0.1491 seconds. Added 1980 classes and 345 folders.
[2018.12.28-12.34.18:357][  0]LogStats: UGameplayTagsManager::ConstructGameplayTagTree: Construct from data asset -  0.000 s
[2018.12.28-12.34.18:357][  0]LogStats: UGameplayTagsManager::ConstructGameplayTagTree: GameplayTagTreeChangedEvent.Broadcast -  0.000 s
[2018.12.28-12.34.18:379][  0]LogContentBrowser: Native class hierarchy updated for 'GameplayTags' in 0.0115 seconds. Added 12 classes and 0 folders.
[2018.12.28-12.34.18:890][  0]LogContentBrowser: Native class hierarchy updated for 'WidgetCarousel' in 0.0005 seconds. Added 0 classes and 0 folders.
[2018.12.28-12.34.21:982][  0]LogContentBrowser: Native class hierarchy updated for 'SuperSearch' in 0.0007 seconds. Added 1 classes and 2 folders.
[2018.12.28-12.34.32:822][  0]LogContentBrowser: Native class hierarchy updated for 'AddContentDialog' in 0.0006 seconds. Added 0 classes and 0 folders.
[2018.12.28-12.34.41:509][  0]LogCrashTracker: Crashtracker disabled due to settings.
[2018.12.28-12.34.45:965][  0]LogUObjectGlobals:Warning: Failed to find object 'Class None.'
[2018.12.28-12.34.48:507][  0]LogContentBrowser: Native class hierarchy updated for 'HierarchicalLODOutliner' in 0.0008 seconds. Added 1 classes and 2 folders.
[2018.12.28-12.34.48:508][  0]LogLoad: Full Startup: 332.86 seconds (BP compile: 8.05 seconds)
[2018.12.28-12.34.48:508][  0]LogExternalProfiler: Found external profiler: VSPerf
[2018.12.28-12.34.48:508][  0]LogExternalProfiler: Using external profiler: VSPerf
[2018.12.28-12.34.48:809][  0]LogOcInput: OculusInput pre-init called
[2018.12.28-12.34.59:182][  0]LogContentStreaming: Texture pool size now 200 MB
[2018.12.28-12.35.03:890][  0]LogRenderer: Reallocating scene render targets to support 808x648 (Frame:2).
[2018.12.28-12.35.13:729][  2]LogAssetRegistry: Asset discovery search completed in 231.3462 seconds
[2018.12.28-12.35.13:786][  2]LogCollectionManager: Rebuilt the object cache for 0 collections in 0.000001 seconds (found 0 objects)
[2018.12.28-12.35.13:786][  2]LogCollectionManager: Fixed up redirectors for 0 collections in 0.056583 seconds (updated 0 objects)
[2018.12.28-12.37.47:412][947]LogRenderer: Reallocating scene render targets to support 840x648 (Frame:768).
[2018.12.28-12.37.58:826][448]LogRenderer: Reallocating scene render targets to support 848x648 (Frame:978).
[2018.12.28-12.38.13:791][767]LogTexture:Display: Building textures: WhiteSquareTexture (AutoDXT)
[2018.12.28-12.38.14:430][767]LogMaterial: Missing cached shader map for material LayerVisMaterial, compiling. 
[2018.12.28-12.38.16:500][767]LogMaterial: Missing cached shader map for material SelectBrushMaterial, compiling. 
[2018.12.28-12.38.16:752][767]LogMaterial: Missing cached shader map for material SelectBrushMaterial, compiling. 
[2018.12.28-12.38.17:167][767]LogMaterial: Missing cached shader map for material MaskBrushMaterial, compiling. 
[2018.12.28-12.38.17:272][767]LogMaterial: Missing cached shader map for material MaskBrushMaterial, compiling. 
[2018.12.28-12.38.17:904][767]LogMaterial: Missing cached shader map for material LandscapeLayerUsageMaterial, compiling. 
[2018.12.28-12.38.18:974][767]LogMaterial: Missing cached shader map for material FlattenHeightMat, compiling. 
[2018.12.28-12.38.19:466][767]LogMaterial: Missing cached shader map for material MirrorPlaneMaterial, compiling. 
[2018.12.28-12.38.19:860][767]LogMaterial: Missing cached shader map for material CircleBrushMaterial, compiling. 
[2018.12.28-12.38.19:977][767]LogMaterial: Missing cached shader map for material CircleBrushMaterial, compiling. 
[2018.12.28-12.38.20:293][767]LogMaterial: Missing cached shader map for material CircleBrushMaterial, compiling. 
[2018.12.28-12.38.20:615][767]LogMaterial: Missing cached shader map for material CircleBrushMaterial, compiling. 
[2018.12.28-12.38.20:805][767]LogMaterial: Missing cached shader map for material AlphaBrushMaterial, compiling. 
[2018.12.28-12.38.20:959][767]LogMaterial: Missing cached shader map for material CircleBrushMaterial, compiling. 
[2018.12.28-12.38.21:072][767]LogMaterial: Missing cached shader map for material MaskBrushMaterial, compiling. 
[2018.12.28-12.38.22:286][767]LogTexture:Display: Building textures: Texture2D_2 (G8)
[2018.12.28-12.38.22:456][767]LogTexture:Display: Building textures: LandscapeThumbnailWeightmap (BGRA8)
[2018.12.28-12.38.22:469][767]LogTexture:Display: Building textures: LandscapeThumbnailHeightmap (BGRA8)
[2018.12.28-12.38.27:838][767]LogTexture:Display: Building textures: Landscape (BGRA8)
[2018.12.28-12.39.56:431][731]LogMaterial: 0.00 seconds spent updating 1 materials, 1 interfaces, 1 instances, 0 with static permutations.
[2018.12.28-12.39.56:508][731]LogTexture:Display: Building textures: Texture2D_3 (BGRA8)
[2018.12.28-12.39.56:939][732]Cmd: UpdateLandscapeEditorData
[2018.12.28-12.40.03:245][795]LogSavePackage: Save=1904.40ms
[2018.12.28-12.40.03:245][795]LogSavePackage: Moving '../../../../sergey/UnrealProjects/TopDownMiniGame/Saved/TopDownExampleMap8639270D4CAE5E115779F4A1C3E77D8A.tmp' to '../../../../sergey/UnrealProjects/TopDownMiniGame/Content/TopDownBP/Maps/TopDownExampleMap.umap'
[2018.12.28-12.40.03:416][795]LogSavePackage: Total save time: 3069.39ms
[2018.12.28-12.40.03:416][795]LogSavePackage:Display: Finished SavePackage ../../../../sergey/UnrealProjects/TopDownMiniGame/Content/TopDownBP/Maps/TopDownExampleMap.umap
[2018.12.28-12.40.03:542][795]LogFileHelpers: Saving map 'TopDownExampleMap' took 3.845
[2018.12.28-12.40.19:333][199]Cmd: TRANSACTION UNDO
[2018.12.28-12.40.19:333][199]LogEditorTransaction: Undo Landscape Editing: Sculpt
[2018.12.28-12.40.19:407][199]LogMaterial: 0.00 seconds spent updating 1 materials, 1 interfaces, 1 instances, 0 with static permutations.
[2018.12.28-12.40.33:787][488]LogWindowsTextInputMethodSystem:Display: IME system now deactivated.
[2018.12.28-12.41.05:374][125]Cmd: TRANSACTION UNDO
[2018.12.28-12.41.05:374][125]LogEditorTransaction: Undo Landscape Editing: Sculpt
[2018.12.28-12.41.05:427][125]LogMaterial: 0.00 seconds spent updating 1 materials, 1 interfaces, 1 instances, 0 with static permutations.
[2018.12.28-12.41.05:428][125]LogTexture:Display: Building textures: Texture2D_3 (BGRA8)
[2018.12.28-12.41.05:935][144]Cmd: TRANSACTION UNDO
[2018.12.28-12.41.05:935][144]LogEditorTransaction: Undo Landscape Editing: Sculpt
[2018.12.28-12.41.05:944][144]LogMaterial: 0.00 seconds spent updating 1 materials, 1 interfaces, 1 instances, 0 with static permutations.
[2018.12.28-12.41.05:979][144]LogTexture:Display: Building textures: Texture2D_3 (BGRA8)
[2018.12.28-12.41.06:500][167]Cmd: TRANSACTION UNDO
[2018.12.28-12.41.06:500][167]LogEditorTransaction: Undo Landscape Editing: Sculpt
[2018.12.28-12.41.06:554][167]LogMaterial: 0.00 seconds spent updating 1 materials, 1 interfaces, 1 instances, 0 with static permutations.
[2018.12.28-12.41.06:582][167]LogTexture:Display: Building textures: Texture2D_3 (BGRA8)
[2018.12.28-12.46.00:801][834]LogTexture:Display: Building textures: Texture2D_3 (BGRA8)
[2018.12.28-12.46.02:015][834]LogSavePackage: Save=1313.57ms
[2018.12.28-12.46.02:015][834]LogSavePackage: Moving '../../../../sergey/UnrealProjects/TopDownMiniGame/Saved/TopDownExampleMap1A07C1BF48FB904D332DB3917A982462.tmp' to '../../../../sergey/UnrealProjects/TopDownMiniGame/Content/TopDownBP/Maps/TopDownExampleMap.umap'
[2018.12.28-12.46.02:120][834]LogSavePackage: Total save time: 1474.93ms
[2018.12.28-12.46.02:120][834]LogSavePackage:Display: Finished SavePackage ../../../../sergey/UnrealProjects/TopDownMiniGame/Content/TopDownBP/Maps/TopDownExampleMap.umap
[2018.12.28-12.46.02:179][834]LogFileHelpers: Saving map 'TopDownExampleMap' took 1.702
[2018.12.28-12.46.05:016][910]Cmd: CLOSE_SLATE_MAINFRAME
[2018.12.28-12.46.06:909][911]Cmd: QUIT_EDITOR
[2018.12.28-12.46.08:230][911]LogExit: Preparing to exit.
[2018.12.28-12.46.11:176][911]LogExit: Editor shut down
[2018.12.28-12.46.11:182][911]LogExit: Transaction tracking system shut down
[2018.12.28-12.46.21:769][911]LogObj: Freed 0b from 0 cluster array pools.
[2018.12.28-12.46.21:770][911]LogExit: Object subsystem successfully closed.
[2018.12.28-12.46.22:941][911]LogD3D11RHI: Shutdown
[2018.12.28-12.46.22:941][911]LogD3D11RHI: CleanupD3DDevice
[2018.12.28-12.46.23:311][911]LogD3D11RHI: ~FD3D11DynamicRHI
[2018.12.28-12.46.23:417][911]LogDerivedDataCache: Shutdown
[2018.12.28-12.46.26:135][911]LogModuleManager: Shutting down and abandoning module HierarchicalLODOutliner (204)
[2018.12.28-12.46.26:266][911]LogModuleManager: Shutting down and abandoning module CrashTracker (203)
[2018.12.28-12.46.26:266][911]LogModuleManager: Shutting down and abandoning module SuperSearch (202)
[2018.12.28-12.46.26:266][911]LogModuleManager: Shutting down and abandoning module WidgetCarousel (201)
[2018.12.28-12.46.26:266][911]LogModuleManager: Shutting down and abandoning module AddContentDialog (200)
[2018.12.28-12.46.27:077][911]LogModuleManager: Shutting down and abandoning module GameplayTags (199)
[2018.12.28-12.46.27:077][911]LogModuleManager: Shutting down and abandoning module EditorWidgets (198)
[2018.12.28-12.46.27:077][911]LogModuleManager: Shutting down and abandoning module CollectionManager (197)
[2018.12.28-12.46.27:635][911]LogModuleManager: Shutting down and abandoning module SceneOutliner (196)
[2018.12.28-12.46.28:279][911]LogModuleManager: Shutting down and abandoning module StatsViewer (195)
[2018.12.28-12.46.29:038][911]LogModuleManager: Shutting down and abandoning module FoliageEdit (194)
[2018.12.28-12.46.29:289][911]LogModuleManager: Shutting down and abandoning module LandscapeEditor (193)
[2018.12.28-12.46.29:650][911]LogModuleManager: Shutting down and abandoning module ActorPickerMode (192)
[2018.12.28-12.46.29:650][911]LogModuleManager: Shutting down and abandoning module GeometryMode (191)
[2018.12.28-12.46.29:650][911]LogModuleManager: Shutting down and abandoning module TextureAlignMode (190)
[2018.12.28-12.46.29:650][911]LogModuleManager: Shutting down and abandoning module BspMode (189)
[2018.12.28-12.46.29:650][911]LogModuleManager: Shutting down and abandoning module PlacementMode (188)
[2018.12.28-12.46.29:650][911]LogModuleManager: Shutting down and abandoning module AutomationWorker (187)
[2018.12.28-12.46.29:650][911]LogModuleManager: Shutting down and abandoning module CharacterAI (186)
[2018.12.28-12.46.29:650][911]LogModuleManager: Shutting down and abandoning module SmartSnapping (185)
[2018.12.28-12.46.29:650][911]LogModuleManager: Shutting down and abandoning module ViewportSnapping (184)
[2018.12.28-12.46.29:650][911]LogModuleManager: Shutting down and abandoning module LogVisualizer (183)
[2018.12.28-12.46.31:270][911]LogModuleManager: Shutting down and abandoning module GameProjectGeneration (182)
[2018.12.28-12.46.31:982][911]LogModuleManager: Shutting down and abandoning module IntroTutorials (181)
[2018.12.28-12.46.32:684][911]LogModuleManager: Shutting down and abandoning module EditorLiveStreaming (180)
[2018.12.28-12.46.32:684][911]LogModuleManager: Shutting down and abandoning module IOSPlatformEditor (179)
[2018.12.28-12.46.33:286][911]LogModuleManager: Shutting down and abandoning module HTML5PlatformEditor (178)
[2018.12.28-12.46.33:286][911]LogModuleManager: Shutting down and abandoning module AndroidDeviceDetection (177)
[2018.12.28-12.46.34:188][911]LogModuleManager: Shutting down and abandoning module AndroidPlatformEditor (176)
[2018.12.28-12.46.34:188][911]LogModuleManager: Shutting down and abandoning module IOSRuntimeSettings (175)
[2018.12.28-12.46.34:188][911]LogModuleManager: Shutting down and abandoning module AndroidRuntimeSettings (174)
[2018.12.28-12.46.34:188][911]LogModuleManager: Shutting down and abandoning module MergeActors (173)
[2018.12.28-12.46.34:271][911]LogModuleManager: Shutting down and abandoning module SizeMap (172)
[2018.12.28-12.46.34:300][911]LogModuleManager: Shutting down and abandoning module TreeMap (171)
[2018.12.28-12.46.34:337][911]LogModuleManager: Shutting down and abandoning module ReferenceViewer (170)
[2018.12.28-12.46.34:356][911]LogModuleManager: Shutting down and abandoning module LocalizationService (169)
[2018.12.28-12.46.34:381][911]LogModuleManager: Shutting down and abandoning module LocalizationDashboard (168)
[2018.12.28-12.46.34:456][911]LogModuleManager: Shutting down and abandoning module HardwareTargeting (167)
[2018.12.28-12.46.34:456][911]LogModuleManager: Shutting down and abandoning module DeviceProfileEditor (166)
[2018.12.28-12.46.34:518][911]LogModuleManager: Shutting down and abandoning module UndoHistory (165)
[2018.12.28-12.46.34:555][911]LogModuleManager: Shutting down and abandoning module UserFeedback (164)
[2018.12.28-12.46.34:555][911]LogModuleManager: Shutting down and abandoning module XmlParser (163)
[2018.12.28-12.46.34:583][911]LogModuleManager: Shutting down and abandoning module Blutility (162)
[2018.12.28-12.46.34:623][911]LogModuleManager: Shutting down and abandoning module ProjectTargetPlatformEditor (161)
[2018.12.28-12.46.34:623][911]LogModuleManager: Shutting down and abandoning module ProjectSettingsViewer (160)
[2018.12.28-12.46.34:623][911]LogModuleManager: Shutting down and abandoning module InputBindingEditor (159)
[2018.12.28-12.46.34:694][911]LogModuleManager: Shutting down and abandoning module EditorSettingsViewer (158)
[2018.12.28-12.46.34:695][911]LogModuleManager: Shutting down and abandoning module SettingsEditor (157)
[2018.12.28-12.46.34:746][911]LogModuleManager: Shutting down and abandoning module ProjectLauncher (156)
[2018.12.28-12.46.34:806][911]LogModuleManager: Shutting down and abandoning module SessionFrontend (155)
[2018.12.28-12.46.34:862][911]LogModuleManager: Shutting down and abandoning module ProfilerClient (154)
[2018.12.28-12.46.34:907][911]LogModuleManager: Shutting down and abandoning module TargetDeviceServices (153)
[2018.12.28-12.46.34:907][911]LogModuleManager: Shutting down and abandoning module DeviceManager (152)
[2018.12.28-12.46.34:967][911]LogModuleManager: Shutting down and abandoning module AutomationController (151)
[2018.12.28-12.46.35:049][911]LogModuleManager: Shutting down and abandoning module AutomationWindow (150)
[2018.12.28-12.46.35:228][911]LogModuleManager: Shutting down and abandoning module Layers (149)
[2018.12.28-12.46.35:450][911]LogModuleManager: Shutting down and abandoning module ComponentVisualizers (148)
[2018.12.28-12.46.35:450][911]LogModuleManager: Shutting down and abandoning module DetailCustomizations (147)
[2018.12.28-12.46.35:486][911]LogModuleManager: Shutting down and abandoning module PackagesDialog (146)
[2018.12.28-12.46.35:487][911]LogModuleManager: Shutting down and abandoning module Persona (145)
[2018.12.28-12.46.36:017][911]LogModuleManager: Shutting down and abandoning module Kismet (144)
[2018.12.28-12.46.36:124][911]LogModuleManager: Shutting down and abandoning module GraphEditor (143)
[2018.12.28-12.46.36:438][911]LogModuleManager: Shutting down and abandoning module ClassViewer (142)
[2018.12.28-12.46.36:540][911]LogModuleManager: Shutting down and abandoning module Toolbox (141)
[2018.12.28-12.46.36:557][911]LogModuleManager: Shutting down and abandoning module ModuleUI (140)
[2018.12.28-12.46.36:623][911]LogModuleManager: Shutting down and abandoning module MovieSceneTools (139)
[2018.12.28-12.46.36:696][911]LogModuleManager: Shutting down and abandoning module OutputLog (138)
[2018.12.28-12.46.36:756][911]LogModuleManager: Shutting down and abandoning module GammaUI (137)
[2018.12.28-12.46.36:863][911]LogModuleManager: Shutting down and abandoning module Documentation (136)
[2018.12.28-12.46.36:863][911]LogModuleManager: Shutting down and abandoning module StreamingPauseRendering (135)
[2018.12.28-12.46.36:863][911]LogModuleManager: Shutting down and abandoning module AnalyticsET (134)
[2018.12.28-12.46.36:863][911]LogModuleManager: Shutting down and abandoning module Analytics (133)
[2018.12.28-12.46.36:863][911]LogModuleManager: Shutting down and abandoning module PortalServices (132)
[2018.12.28-12.46.36:863][911]LogModuleManager: Shutting down and abandoning module PortalRpc (131)
[2018.12.28-12.46.36:863][911]LogModuleManager: Shutting down and abandoning module MessagingRpc (130)
[2018.12.28-12.46.36:863][911]LogModuleManager: Shutting down and abandoning module AITestSuite (129)
[2018.12.28-12.46.36:921][911]LogModuleManager: Shutting down and abandoning module GameplayDebugger (128)
[2018.12.28-12.46.36:921][911]LogModuleManager: Shutting down and abandoning module AIModule (127)
[2018.12.28-12.46.36:921][911]LogModuleManager: Shutting down and abandoning module ProfilerService (126)
[2018.12.28-12.46.37:109][911]LogModuleManager: Shutting down and abandoning module TaskGraph (125)
[2018.12.28-12.46.37:262][911]LogModuleManager: Shutting down and abandoning module SlateRemote (124)
[2018.12.28-12.46.37:262][911]LogModuleManager: Shutting down and abandoning module SteamVRController (123)
[2018.12.28-12.46.37:262][911]LogModuleManager: Shutting down and abandoning module SteamVR (122)
[2018.12.28-12.46.37:262][911]LogModuleManager: Shutting down and abandoning module ProceduralMeshComponent (121)
[2018.12.28-12.46.37:262][911]LogModuleManager: Shutting down and abandoning module OculusLibrary (120)
[2018.12.28-12.46.37:262][911]LogModuleManager: Shutting down and abandoning module OculusInput (119)
[2018.12.28-12.46.37:262][911]LogModuleManager: Shutting down and abandoning module CustomMeshComponent (118)
[2018.12.28-12.46.37:262][911]LogModuleManager: Shutting down and abandoning module CableComponent (117)
[2018.12.28-12.46.37:262][911]LogModuleManager: Shutting down and abandoning module ArchVisCharacter (116)
[2018.12.28-12.46.37:262][911]LogModuleManager: Shutting down and abandoning module MediaPlayerEditor (115)
[2018.12.28-12.46.37:498][911]LogModuleManager: Shutting down and abandoning module HTML5Networking (114)
[2018.12.28-12.46.37:498][911]LogModuleManager: Shutting down and abandoning module SpeedTreeImporter (113)
[2018.12.28-12.46.37:498][911]LogModuleManager: Shutting down and abandoning module PluginBrowser (112)
[2018.12.28-12.46.37:825][911]LogModuleManager: Shutting down and abandoning module EpicSurvey (111)
[2018.12.28-12.46.37:908][911]LogModuleManager: Shutting down and abandoning module DesktopPlatform (110)
[2018.12.28-12.46.38:023][911]LogModuleManager: Shutting down and abandoning module VisualStudioSourceCodeAccess (109)
[2018.12.28-12.46.38:056][911]LogModuleManager: Shutting down and abandoning module UObjectPlugin (108)
[2018.12.28-12.46.38:056][911]LogModuleManager: Shutting down and abandoning module SubversionSourceControl (107)
[2018.12.28-12.46.38:178][911]LogModuleManager: Shutting down and abandoning module PerforceSourceControl (106)
[2018.12.28-12.46.38:308][911]LogModuleManager: Shutting down and abandoning module SourceControl (105)
[2018.12.28-12.46.38:309][911]LogModuleManager: Shutting down and abandoning module GitSourceControl (104)
[2018.12.28-12.46.38:410][911]LogModuleManager: Shutting down and abandoning module LightPropagationVolumeEditor (103)
[2018.12.28-12.46.38:410][911]LogModuleManager: Shutting down and abandoning module PaperTiledImporter (102)
[2018.12.28-12.46.38:443][911]LogModuleManager: Shutting down and abandoning module PaperSpriteSheetImporter (101)
[2018.12.28-12.46.38:443][911]LogModuleManager: Shutting down and abandoning module MeshPaint (100)
[2018.12.28-12.46.38:477][911]LogModuleManager: Shutting down and abandoning module HotReload (99)
[2018.12.28-12.46.38:547][911]LogModuleManager: Shutting down and abandoning module MainFrame (98)
[2018.12.28-12.46.38:547][911]LogModuleManager: Shutting down and abandoning module LevelEditor (97)
[2018.12.28-12.46.38:549][911]LogModuleManager: Shutting down and abandoning module DirectoryWatcher (96)
[2018.12.28-12.46.38:551][911]LogModuleManager: Shutting down and abandoning module AssetRegistry (95)
[2018.12.28-12.46.38:904][911]LogModuleManager: Shutting down and abandoning module ContentBrowser (94)
[2018.12.28-12.46.38:910][911]LogModuleManager: Shutting down and abandoning module Paper2DEditor (93)
[2018.12.28-12.46.38:954][911]LogModuleManager: Shutting down and abandoning module UdpMessaging (92)
[2018.12.28-12.46.39:054][911]LogModuleManager: Shutting down and abandoning module LightPropagationVolumeRuntime (91)
[2018.12.28-12.46.39:054][911]LogModuleManager: Shutting down and abandoning module Paper2D (90)
[2018.12.28-12.46.39:169][911]LogModuleManager: Shutting down and abandoning module WindowsMoviePlayer (89)
[2018.12.28-12.46.39:190][911]LogModuleManager: Shutting down and abandoning module Media (88)
[2018.12.28-12.46.39:190][911]LogModuleManager: Shutting down and abandoning module WmfMedia (87)
[2018.12.28-12.46.39:288][911]LogModuleManager: Shutting down and abandoning module MediaAssets (86)
[2018.12.28-12.46.39:288][911]LogModuleManager: Shutting down and abandoning module GameLiveStreaming (85)
[2018.12.28-12.46.39:289][911]LogModuleManager: Shutting down and abandoning module GameplayTagsEditor (84)
[2018.12.28-12.46.39:289][911]LogModuleManager: Shutting down and abandoning module OnlineBlueprintSupport (83)
[2018.12.28-12.46.39:289][911]LogModuleManager: Shutting down and abandoning module GameplayTasksEditor (82)
[2018.12.28-12.46.39:289][911]LogModuleManager: Shutting down and abandoning module PropertyEditor (81)
[2018.12.28-12.46.39:290][911]LogModuleManager: Shutting down and abandoning module BehaviorTreeEditor (80)
[2018.12.28-12.46.39:402][911]LogModuleManager: Shutting down and abandoning module FunctionalTesting (79)
[2018.12.28-12.46.39:402][911]LogModuleManager: Shutting down and abandoning module CollisionAnalyzer (78)
[2018.12.28-12.46.39:586][911]LogModuleManager: Shutting down and abandoning module WorkspaceMenuStructure (77)
[2018.12.28-12.46.39:586][911]LogModuleManager: Shutting down and abandoning module MessageLog (76)
[2018.12.28-12.46.39:586][911]LogModuleManager: Shutting down and abandoning module Sequencer (75)
[2018.12.28-12.46.39:739][911]LogModuleManager: Shutting down and abandoning module AssetTools (74)
[2018.12.28-12.46.40:079][911]LogModuleManager: Shutting down and abandoning module UMGEditor (73)
[2018.12.28-12.46.40:285][911]LogModuleManager: Shutting down and abandoning module UMG (72)
[2018.12.28-12.46.40:452][911]LogModuleManager: Shutting down and abandoning module SlateReflector (71)
[2018.12.28-12.46.40:846][911]LogModuleManager: Shutting down and abandoning module Slate (70)
[2018.12.28-12.46.40:846][911]LogModuleManager: Shutting down and abandoning module EditorStyle (69)
[2018.12.28-12.46.40:883][911]LogModuleManager: Shutting down and abandoning module SessionServices (68)
[2018.12.28-12.46.40:886][911]LogModuleManager: Shutting down and abandoning module SourceCodeAccess (67)
[2018.12.28-12.46.40:886][911]LogModuleManager: Shutting down and abandoning module HeadMountedDisplay (66)
[2018.12.28-12.46.40:886][911]LogModuleManager: Shutting down and abandoning module XAudio2 (65)
[2018.12.28-12.46.40:886][911]LogModuleManager: Shutting down and abandoning module Networking (63)
[2018.12.28-12.46.40:886][911]LogModuleManager: Shutting down and abandoning module Core (62)
[2018.12.28-12.46.40:886][911]LogModuleManager: Shutting down and abandoning module KismetCompiler (61)
[2018.12.28-12.46.40:886][911]LogModuleManager: Shutting down and abandoning module PhysXFormats (60)
[2018.12.28-12.46.40:886][911]LogModuleManager: Shutting down and abandoning module MeshUtilities (59)
[2018.12.28-12.46.41:044][911]LogModuleManager: Shutting down and abandoning module CookingStats (58)
[2018.12.28-12.46.41:045][911]LogModuleManager: Shutting down and abandoning module DerivedDataCache (57)
[2018.12.28-12.46.41:045][911]LogDerivedDataCache: Shutdown
[2018.12.28-12.46.41:045][911]LogModuleManager: Shutting down and abandoning module ShaderFormatOpenGL (56)
[2018.12.28-12.46.41:115][911]LogModuleManager: Shutting down and abandoning module ShaderFormatD3D (55)
[2018.12.28-12.46.41:192][911]LogModuleManager: Shutting down and abandoning module MetalShaderFormat (54)
[2018.12.28-12.46.41:318][911]LogModuleManager: Shutting down and abandoning module TextureFormatUncompressed (53)
[2018.12.28-12.46.41:318][911]LogModuleManager: Shutting down and abandoning module TextureFormatPVR (52)
[2018.12.28-12.46.41:351][911]LogModuleManager: Shutting down and abandoning module TextureFormatIntelISPCTexComp (51)
[2018.12.28-12.46.41:375][911]LogModuleManager: Shutting down and abandoning module TextureFormatDXT (50)
[2018.12.28-12.46.41:375][911]LogModuleManager: Shutting down and abandoning module ImageWrapper (49)
[2018.12.28-12.46.41:375][911]LogModuleManager: Shutting down and abandoning module TextureFormatASTC (48)
[2018.12.28-12.46.41:375][911]LogModuleManager: Shutting down and abandoning module TextureFormatAndroid (47)
[2018.12.28-12.46.41:375][911]LogModuleManager: Shutting down and abandoning module AudioFormatOpus (46)
[2018.12.28-12.46.41:421][911]LogModuleManager: Shutting down and abandoning module AudioFormatOgg (45)
[2018.12.28-12.46.41:448][911]LogModuleManager: Shutting down and abandoning module AudioFormatADPCM (44)
[2018.12.28-12.46.41:486][911]LogModuleManager: Shutting down and abandoning module LinuxTargetPlatform (43)
[2018.12.28-12.46.41:486][911]LogModuleManager: Shutting down and abandoning module LinuxServerTargetPlatform (42)
[2018.12.28-12.46.41:517][911]LogModuleManager: Shutting down and abandoning module LinuxNoEditorTargetPlatform (41)
[2018.12.28-12.46.41:551][911]LogModuleManager: Shutting down and abandoning module TVOSTargetPlatform (40)
[2018.12.28-12.46.41:551][911]LogModuleManager: Shutting down and abandoning module Messaging (39)
[2018.12.28-12.46.41:551][911]LogModuleManager: Shutting down and abandoning module IOSTargetPlatform (38)
[2018.12.28-12.46.41:551][911]LogModuleManager: Shutting down and abandoning module HTML5TargetPlatform (37)
[2018.12.28-12.46.41:551][911]LogModuleManager: Shutting down and abandoning module Android_PVRTCTargetPlatform (36)
[2018.12.28-12.46.41:551][911]LogModuleManager: Shutting down and abandoning module Android_MultiTargetPlatform (35)
[2018.12.28-12.46.41:627][911]LogModuleManager: Shutting down and abandoning module Android_ETC2TargetPlatform (34)
[2018.12.28-12.46.41:627][911]LogModuleManager: Shutting down and abandoning module Android_ETC1TargetPlatform (33)
[2018.12.28-12.46.41:627][911]LogModuleManager: Shutting down and abandoning module Android_DXTTargetPlatform (32)
[2018.12.28-12.46.41:627][911]LogModuleManager: Shutting down and abandoning module Android_ATCTargetPlatform (31)
[2018.12.28-12.46.41:627][911]LogModuleManager: Shutting down and abandoning module Android_ASTCTargetPlatform (30)
[2018.12.28-12.46.41:627][911]LogModuleManager: Shutting down and abandoning module AndroidTargetPlatform (29)
[2018.12.28-12.46.41:627][911]LogModuleManager: Shutting down and abandoning module WindowsTargetPlatform (28)
[2018.12.28-12.46.41:627][911]LogModuleManager: Shutting down and abandoning module WindowsServerTargetPlatform (27)
[2018.12.28-12.46.41:672][911]LogModuleManager: Shutting down and abandoning module WindowsNoEditorTargetPlatform (26)
[2018.12.28-12.46.41:706][911]LogModuleManager: Shutting down and abandoning module WindowsClientTargetPlatform (25)
[2018.12.28-12.46.41:737][911]LogModuleManager: Shutting down and abandoning module AllDesktopTargetPlatform (24)
[2018.12.28-12.46.41:737][911]LogModuleManager: Shutting down and abandoning module TargetPlatform (23)
[2018.12.28-12.46.41:737][911]LogModuleManager: Shutting down and abandoning module InputCore (22)
[2018.12.28-12.46.41:737][911]LogModuleManager: Shutting down and abandoning module Settings (21)
[2018.12.28-12.46.41:737][911]LogModuleManager: Shutting down and abandoning module OnlineSubsystem (19)
[2018.12.28-12.46.41:737][911]LogModuleManager: Shutting down and abandoning module HTTP (18)
[2018.12.28-12.46.43:238][911]LogModuleManager: Shutting down and abandoning module XMPP (17)
[2018.12.28-12.46.43:335][911]LogModuleManager: Shutting down and abandoning module OculusRift (16)
[2018.12.28-12.46.43:433][911]LogModuleManager: Shutting down and abandoning module ExampleDeviceProfileSelector (15)
[2018.12.28-12.46.43:433][911]LogModuleManager: Shutting down and abandoning module TextureCompressor (14)
[2018.12.28-12.46.43:433][911]LogModuleManager: Shutting down and abandoning module ShaderCore (13)
[2018.12.28-12.46.43:433][911]LogModuleManager: Shutting down and abandoning module Landscape (12)
[2018.12.28-12.46.43:433][911]LogModuleManager: Shutting down and abandoning module SlateRHIRenderer (11)
[2018.12.28-12.46.43:459][911]LogModuleManager: Shutting down and abandoning module OpenGLDrv (10)
[2018.12.28-12.46.43:560][911]LogModuleManager: Shutting down and abandoning module D3D11RHI (9)
[2018.12.28-12.46.43:560][911]LogModuleManager: Shutting down and abandoning module AnimGraphRuntime (8)
[2018.12.28-12.46.43:693][911]LogModuleManager: Shutting down and abandoning module Renderer (7)
[2018.12.28-12.46.43:693][911]LogModuleManager: Shutting down and abandoning module Engine (6)
[2018.12.28-12.46.43:693][911]LogModuleManager: Shutting down and abandoning module CoreUObject (5)
[2018.12.28-12.46.43:693][911]LogModuleManager: Shutting down and abandoning module NetworkFile (4)
[2018.12.28-12.46.43:804][911]LogModuleManager: Shutting down and abandoning module StreamingFile (3)
[2018.12.28-12.46.43:804][911]LogModuleManager: Shutting down and abandoning module SandboxFile (2)
[2018.12.28-12.46.43:844][911]LogModuleManager: Shutting down and abandoning module PakFile (1)
[2018.12.28-12.46.44:048][911]LogExit: Exiting.
[2018.12.28-12.46.44:102][911]Log file closed, 12/28/18 20:46:44
