Log file open, 12/30/18 15:32:18
LogInit:Display: Running engine for game: TopDownMiniGame
LogPlatformFile: Not using cached read wrapper
LogInit:Display: RandInit(-1187498215) SRandInit(-1187498213).
LogTaskGraph: Started task graph with 4 named threads and 5 total threads.
LogStats: Stats thread started at 5.040124
LogInit: Version: 4.11.2-2946394+++UE4+Release-4.11
LogInit: API Version: 2927265
LogInit: Compiled (64-bit): Apr 18 2016 02:18:46
LogInit: Compiled with Visual C++: 19.00.23026.00
LogInit: Build Configuration: Development
LogInit: Branch Name: ++UE4+Release-4.11
LogInit: Command line:  
LogInit: Base directory: D:/UE_4.11/Engine/Binaries/Win64/
LogInit: Installed Engine Build: 1
LogInit: Using libcurl 7.41.0
LogInit:  - built for x86_64-pc-win32
LogInit:  - supports SSL with WinSSL
LogInit:  - other features:
LogInit:      CURL_VERSION_SSL
LogInit:      CURL_VERSION_IPV6
LogInit:      CURL_VERSION_ASYNCHDNS
LogInit:      CURL_VERSION_LARGEFILE
LogInit:      CURL_VERSION_IDN
LogInit:  CurlRequestOptions (configurable via config and command line):
LogInit:  - bVerifyPeer = true  - Libcurl will verify peer certificate
LogInit:  - bUseHttpProxy = false  - Libcurl will NOT use HTTP proxy
LogInit:  - bDontReuseConnections = false  - Libcurl will reuse connections
LogInit:  - CertBundlePath = nullptr  - Libcurl will use whatever was configured at build time.
LogInit: Presizing for max 16777216 objects, including 0 objects not considered by GC, pre-allocating 0 bytes for permanent pool.
LogInit: Object subsystem initialized
[2018.12.30-07.32.20:240][  0]LogInit: Selected Device Profile: [Windows]
[2018.12.30-07.32.20:240][  0]LogInit: Applying CVar settings loaded from the selected device profile: [Windows]
[2018.12.30-07.32.20:746][  0]LogInit: Computer: 1-ПК
[2018.12.30-07.32.20:746][  0]LogInit: User: 1
[2018.12.30-07.32.20:746][  0]LogInit: CPU Page size=65536, Cores=2
[2018.12.30-07.32.20:746][  0]LogInit: High frequency timer resolution =2.338496 MHz
[2018.12.30-07.32.20:774][  0]LogMemory: Memory total: Physical=3.9GB (4GB approx)
[2018.12.30-07.32.20:774][  0]LogMemory: Platform Memory Stats for Windows
[2018.12.30-07.32.20:774][  0]LogMemory: Process Physical Memory: 314.89 MB used, 314.89 MB peak
[2018.12.30-07.32.20:775][  0]LogMemory: Process Virtual Memory: 315.95 MB used, 315.95 MB peak
[2018.12.30-07.32.20:775][  0]LogMemory: Physical Memory: 2126.78 MB used, 4010.14 MB total
[2018.12.30-07.32.20:775][  0]LogMemory: Virtual Memory: 623.40 MB used, 8388608.00 MB total
[2018.12.30-07.32.25:762][  0]LogTextLocalizationManager: No translations for ('ru-RU') exist, falling back to 'en' for localization and internationalization data.
[2018.12.30-07.32.29:637][  0]LogD3D11RHI: D3D11 adapters:
[2018.12.30-07.32.32:519][  0]LogD3D11RHI:    0. 'NVIDIA GeForce 410M' (Feature Level 11_0)
[2018.12.30-07.32.32:519][  0]LogD3D11RHI:       979MB of dedicated video memory, 0MB of dedicated system memory, and 1749MB of shared system memory, 1 output[s]
[2018.12.30-07.32.32:547][  0]LogD3D11RHI:    1. 'NVIDIA GeForce 410M' (Feature Level 11_0)
[2018.12.30-07.32.32:547][  0]LogD3D11RHI:       979MB of dedicated video memory, 0MB of dedicated system memory, and 1749MB of shared system memory, 0 output[s]
[2018.12.30-07.32.32:547][  0]LogD3D11RHI: Chosen D3D11 Adapter: 0
[2018.12.30-07.32.32:612][  0]LogD3D11RHI: Creating new Direct3DDevice
[2018.12.30-07.32.32:613][  0]LogD3D11RHI:     Adapter Name: Intel(R) HD Graphics 3000
[2018.12.30-07.32.32:613][  0]LogD3D11RHI:   Driver Version: Unknown (internal Unknown)
[2018.12.30-07.32.32:613][  0]LogD3D11RHI:      Driver Date: Unknown
[2018.12.30-07.32.32:627][  0]LogRHI: Texture pool is 1297 MB (70% of 1854 MB)
[2018.12.30-07.32.32:652][  0]LogD3D11RHI: Async texture creation enabled
[2018.12.30-07.32.34:601][  0]LogShaderCompilers: Guid format shader working directory is -6 characters bigger than the processId version (../../../../sergey/UnrealProjects/TopDownMiniGame/Intermediate/Shaders/WorkingDirectory/720/).
[2018.12.30-07.32.34:601][  0]LogShaderCompilers: Cleaned the shader compiler working directory 'C:/Users/1/AppData/Local/Temp/UnrealShaderWorkingDir/5DF70D76477A9728B8FFAD80E4243049/'.
[2018.12.30-07.32.34:613][  0]LogShaderCompilers:Display: Using Local Shader Compiler.
[2018.12.30-07.32.56:010][  0]LogTemp:Display: Loaded TP AllDesktopTargetPlatform
[2018.12.30-07.32.56:106][  0]LogTemp:Display: Loaded TP WindowsClientTargetPlatform
[2018.12.30-07.32.56:184][  0]LogTemp:Display: Loaded TP WindowsNoEditorTargetPlatform
[2018.12.30-07.32.56:262][  0]LogTemp:Display: Loaded TP WindowsServerTargetPlatform
[2018.12.30-07.32.56:338][  0]LogTemp:Display: Loaded TP WindowsTargetPlatform
[2018.12.30-07.32.56:394][  0]LogTemp:Display: Loaded TP AndroidTargetPlatform
[2018.12.30-07.32.56:453][  0]LogTemp:Display: Loaded TP Android_ASTCTargetPlatform
[2018.12.30-07.32.56:527][  0]LogTemp:Display: Loaded TP Android_ATCTargetPlatform
[2018.12.30-07.32.56:593][  0]LogTemp:Display: Loaded TP Android_DXTTargetPlatform
[2018.12.30-07.32.56:662][  0]LogTemp:Display: Loaded TP Android_ETC1TargetPlatform
[2018.12.30-07.32.56:715][  0]LogTemp:Display: Loaded TP Android_ETC2TargetPlatform
[2018.12.30-07.32.57:216][  0]LogTemp:Display: Loaded TP Android_MultiTargetPlatform
[2018.12.30-07.32.57:216][  0]LogTemp:Display: Loaded TP Android_PVRTCTargetPlatform
[2018.12.30-07.32.57:249][  0]LogTemp:Display: Loaded TP HTML5TargetPlatform
[2018.12.30-07.32.57:503][  0]LogTemp:Display: Loaded TP IOSTargetPlatform
[2018.12.30-07.32.57:519][  0]LogTemp:Display: Loaded TP TVOSTargetPlatform
[2018.12.30-07.32.57:573][  0]LogTemp:Display: Loaded TP LinuxNoEditorTargetPlatform
[2018.12.30-07.32.57:615][  0]LogTemp:Display: Loaded TP LinuxServerTargetPlatform
[2018.12.30-07.32.57:734][  0]LogTemp:Display: Loaded TP LinuxTargetPlatform
[2018.12.30-07.32.57:734][  0]LogTargetPlatformManager:Display: Building Assets For Windows
[2018.12.30-07.33.00:843][  0]LogDerivedDataCache:Display: Max Cache Size: 512 MB
[2018.12.30-07.33.02:584][  0]LogDerivedDataCache: Loaded boot cache 1.71s 46MB C:/Users/1/AppData/Local/UnrealEngine/4.11/DerivedDataCache/Boot.ddc.
[2018.12.30-07.33.02:584][  0]LogDerivedDataCache:Display: Loaded Boot cache: C:/Users/1/AppData/Local/UnrealEngine/4.11/DerivedDataCache/Boot.ddc
[2018.12.30-07.33.02:584][  0]LogDerivedDataCache: FDerivedDataBackendGraph:  Pak pak cache file ../../../../sergey/UnrealProjects/TopDownMiniGame/DerivedDataCache/DDC.ddp not found, will not use a pak cache.
[2018.12.30-07.33.02:584][  0]LogDerivedDataCache: Unable to find inner node Pak for hierarchical cache Hierarchy.
[2018.12.30-07.33.02:584][  0]LogDerivedDataCache: FDerivedDataBackendGraph:  CompressedPak pak cache file ../../../../sergey/UnrealProjects/TopDownMiniGame/DerivedDataCache/Compressed.ddp not found, will not use a pak cache.
[2018.12.30-07.33.02:584][  0]LogDerivedDataCache: Unable to find inner node CompressedPak for hierarchical cache Hierarchy.
[2018.12.30-07.33.02:693][  0]LogDerivedDataCache:Display: Pak cache opened for reading ../../../Engine/DerivedDataCache/Compressed.ddp.
[2018.12.30-07.33.02:739][  0]LogDerivedDataCache: Using Local data cache path C:/Users/1/AppData/Local/UnrealEngine/Common/DerivedDataCache: Writable
[2018.12.30-07.33.14:392][  0]LogInit: Selected Device Profile: [Windows]
[2018.12.30-07.33.14:534][  0]LogContentStreaming: Texture pool size is 0.00 MB
[2018.12.30-07.33.15:951][  0]LogMaterial: Uniform references updated for custom material expression Custom.
[2018.12.30-07.33.19:116][  0]LogMeshUtilities: No automatic mesh reduction module available
[2018.12.30-07.33.19:116][  0]LogMeshUtilities: No automatic mesh merging module available
[2018.12.30-07.33.19:116][  0]LogMeshUtilities: No distributed automatic mesh merging module available
[2018.12.30-07.33.30:779][  0]LogUObjectArray: 27679 objects as part of root set at end of initial load.
[2018.12.30-07.33.30:793][  0]LogUObjectAllocator: 5591600 out of 0 bytes used by permanent object pool.
[2018.12.30-07.33.30:793][  0]LogUObjectArray: CloseDisregardForGC: 0/0 objects in disregard for GC pool
[2018.12.30-07.33.30:828][  0]LogInit: WinSock: version 1.1 (2.2), MaxSocks=32767, MaxUdp=65467
[2018.12.30-07.33.36:894][  0]LogSlate: SlateFontCache - WITH_FREETYPE: 1, WITH_HARFBUZZ: 1
[2018.12.30-07.33.36:894][  0]LogSlate: SlateFontCache - WITH_FREETYPE: 1, WITH_HARFBUZZ: 1
[2018.12.30-07.33.41:601][  0]LogStreaming:Warning: Failed to read file '../../../Engine/Content/Editor/Slate/Common/Selection_16x.png' error.
[2018.12.30-07.33.41:601][  0]LogSlate: Could not find file for Slate resource: ../../../Engine/Content/Editor/Slate/Common/Selection_16x.png
[2018.12.30-07.33.41:601][  0]LogStreaming:Warning: Failed to read file '../../../Engine/Content/Editor/Slate/Common/Selection_16x.png' error.
[2018.12.30-07.33.41:601][  0]LogSlate: Could not find file for Slate resource: ../../../Engine/Content/Editor/Slate/Common/Selection_16x.png
[2018.12.30-07.33.41:602][  0]LogStreaming:Warning: Failed to read file '../../../Engine/Content/Editor/Slate/Common/Selection_16x.png' error.
[2018.12.30-07.33.41:602][  0]LogSlate: Could not find file for Slate resource: ../../../Engine/Content/Editor/Slate/Common/Selection_16x.png
[2018.12.30-07.33.59:053][  0]LogUdpMessaging: Initializing bridge on interface 0.0.0.0:0 to multicast group 230.0.0.1:6666.
[2018.12.30-07.34.00:195][  0]LogAssetRegistry: FAssetRegistry took 0.0569 seconds to start up
[2018.12.30-07.34.11:964][  0]SourceControl: Info Source control is disabled
[2018.12.30-07.34.11:992][  0]SourceControl: Info Source control is disabled
[2018.12.30-07.34.12:755][  0]SourceControl: Info Source control is disabled
[2018.12.30-07.34.13:602][  0]SourceControl: Info Source control is disabled
[2018.12.30-07.34.27:213][  0]LogHMD: Failed to initialize OpenVR with code 110
[2018.12.30-07.34.43:864][  0]LogAutomationTest:Warning: Smoke tests took > 1s to run: 4.64s
[2018.12.30-07.34.45:708][  0]LogEngine: Initializing Engine...
[2018.12.30-07.35.22:945][  0]LogAIModule: Creating AISystem for world NewWorld
[2018.12.30-07.35.31:539][  0]LogInit: XAudio2 using 'Динамики (Устройство с поддержкой High Definition Audio)' : 2 channels at 44.1 kHz using 16 bits per sample (channel mask 0x3)
[2018.12.30-07.35.35:336][  0]LogInit: FAudioDevice initialized.
[2018.12.30-07.35.36:302][  0]LogDerivedDataCache: Saved boot cache 0.97s 46MB C:/Users/1/AppData/Local/UnrealEngine/4.11/DerivedDataCache/Boot.ddc.
[2018.12.30-07.35.36:318][  0]LogInit: Texture streaming: Enabled
[2018.12.30-07.35.55:838][  0]LogInit: Transaction tracking system initialized
[2018.12.30-07.36.08:314][  0]BlueprintLog: New page: Editor Load
[2018.12.30-07.36.37:603][  0]LocalizationService: Info Localization service is disabled
[2018.12.30-07.36.55:693][  0]LogConsoleResponse:Display: 
[2018.12.30-07.37.08:575][  0]LogFileCache: Scanning file cache for directory 'D:/sergey/UnrealProjects/TopDownMiniGame/Content/' took 0.02s
[2018.12.30-07.37.08:575][  0]LogCook:Display: Max memory allowance for cook 8192mb
[2018.12.30-07.37.08:575][  0]LogCook:Display: Mobile HDR setting 1
[2018.12.30-07.37.08:661][  0]LogCook:Display: Done creating registry. It took  0.00s.
[2018.12.30-07.37.17:445][  0]SourceControl: Info Source control is disabled
[2018.12.30-07.37.17:682][  0]Cmd: MAP LOAD FILE="../../../../sergey/UnrealProjects/TopDownMiniGame/Content/TopDownBP/Maps/TopDownExampleMap.umap" TEMPLATE=0 SHOWPROGRESS=1 FEATURELEVEL=3
[2018.12.30-07.37.17:925][  0]LightingResults: New page: Lighting Build
[2018.12.30-07.37.19:484][  0]MapCheck: New page: Map Check
[2018.12.30-07.37.19:484][  0]LightingResults: New page: Lighting Build
[2018.12.30-07.37.48:113][  0]LogAIModule: Creating AISystem for world TopDownExampleMap
[2018.12.30-07.37.52:837][  0]LogEditorServer: Finished looking for orphan Actors (0.000 secs)
[2018.12.30-07.37.53:232][  0]Cmd: MAP CHECKDEP NOCLEARLOG
[2018.12.30-07.37.53:487][  0]MapCheck: Info Map check complete: 0 Error(s), 0 Warning(s), took 254.591ms to complete.
[2018.12.30-07.37.53:487][  0]LogFileHelpers: Loading map 'TopDownExampleMap' took 35.895
[2018.12.30-07.38.02:235][  0]LogCollectionManager: Loaded 0 collections in 0.075701 seconds
[2018.12.30-07.38.15:238][  0]LogFileCache: Scanning file cache for directory 'D:/sergey/UnrealProjects/TopDownMiniGame/Saved/Collections/' took 0.01s
[2018.12.30-07.38.15:238][  0]LogFileCache: Scanning file cache for directory 'D:/sergey/UnrealProjects/TopDownMiniGame/Content/Developers/1/Collections/' took 0.00s
[2018.12.30-07.38.15:238][  0]LogFileCache: Scanning file cache for directory 'D:/sergey/UnrealProjects/TopDownMiniGame/Content/Collections/' took 0.04s
[2018.12.30-07.38.15:238][  0]LogCollectionManager: Rebuilt the GUID cache for 0 collections in 0.000010 seconds
[2018.12.30-07.38.15:843][  0]LogContentBrowser: Native class hierarchy populated in 0.4887 seconds. Added 1979 classes and 343 folders.
[2018.12.30-07.38.17:332][  0]LogStats: UGameplayTagsManager::ConstructGameplayTagTree: Construct from data asset -  0.052 s
[2018.12.30-07.38.17:333][  0]LogStats: UGameplayTagsManager::ConstructGameplayTagTree: GameplayTagTreeChangedEvent.Broadcast -  0.000 s
[2018.12.30-07.38.17:388][  0]LogContentBrowser: Native class hierarchy updated for 'GameplayTags' in 0.0013 seconds. Added 12 classes and 0 folders.
[2018.12.30-07.38.17:553][  0]LogContentBrowser: Native class hierarchy updated for 'WidgetCarousel' in 0.0006 seconds. Added 0 classes and 0 folders.
[2018.12.30-07.38.20:013][  0]LogContentBrowser: Native class hierarchy updated for 'SuperSearch' in 0.0014 seconds. Added 1 classes and 2 folders.
[2018.12.30-07.38.23:965][  0]LogContentBrowser: Native class hierarchy updated for 'AddContentDialog' in 0.0011 seconds. Added 0 classes and 0 folders.
[2018.12.30-07.38.25:906][  0]LogContentBrowser: Native class hierarchy updated for 'SceneOutliner' in 0.0016 seconds. Added 1 classes and 2 folders.
[2018.12.30-07.38.32:606][  0]LogCrashTracker: Crashtracker disabled due to settings.
[2018.12.30-07.38.35:294][  0]LogUObjectGlobals:Warning: Failed to find object 'Class None.'
[2018.12.30-07.38.38:180][  0]LogContentBrowser: Native class hierarchy updated for 'HierarchicalLODOutliner' in 0.0010 seconds. Added 1 classes and 2 folders.
[2018.12.30-07.38.38:181][  0]LogLoad: Full Startup: 392.70 seconds (BP compile: 4.55 seconds)
[2018.12.30-07.38.38:226][  0]LogExternalProfiler: Found external profiler: VSPerf
[2018.12.30-07.38.38:230][  0]LogExternalProfiler: Using external profiler: VSPerf
[2018.12.30-07.38.38:998][  0]LogOcInput: OculusInput pre-init called
[2018.12.30-07.38.46:453][  0]LogContentStreaming: Texture pool size now 200 MB
[2018.12.30-07.38.55:314][  0]LogRenderer: Reallocating scene render targets to support 696x408 (Frame:2).
[2018.12.30-07.39.00:980][  1]Cmd: UpdateLandscapeEditorData -warnings
[2018.12.30-07.39.05:514][  5]LogAssetRegistry: Asset discovery search completed in 305.3396 seconds
[2018.12.30-07.39.05:615][  5]LogCollectionManager: Rebuilt the object cache for 0 collections in 0.000001 seconds (found 0 objects)
[2018.12.30-07.39.05:615][  5]LogCollectionManager: Fixed up redirectors for 0 collections in 0.101287 seconds (updated 0 objects)
[2018.12.30-07.39.28:037][209]LogTexture:Display: Building textures: Texture2D_2 (BGRA8)
[2018.12.30-07.39.28:278][209]LogTexture:Display: Building textures: Texture2D_2 (BGRA8)
[2018.12.30-07.39.42:323][421]LogBlueprintUserMessages: Early PlayInEditor Detection: Level '/Game/TopDownBP/Maps/TopDownExampleMap.TopDownExampleMap:PersistentLevel' has LevelScriptBlueprint '/Game/TopDownBP/Maps/TopDownExampleMap.TopDownExampleMap:PersistentLevel.TopDownExampleMap' with GeneratedClass '/Game/TopDownBP/Maps/TopDownExampleMap.TopDownExampleMap_C' with ClassGeneratedBy '/Game/TopDownBP/Maps/TopDownExampleMap.TopDownExampleMap:PersistentLevel.TopDownExampleMap'
[2018.12.30-07.39.42:323][421]LogPlayLevel: PlayLevel: No blueprints needed recompiling
[2018.12.30-07.39.42:668][421]PIE: New page: PIE session: TopDownExampleMap (Dec 30, 2018, 11:39:42 PM)
[2018.12.30-07.39.42:668][421]LogPlayLevel: Creating play world package: /Game/TopDownBP/Maps/UEDPIE_0_TopDownExampleMap
[2018.12.30-07.39.42:925][421]LogPlayLevel: PIE: StaticDuplicateObject took: (0.256514s)
[2018.12.30-07.39.42:927][421]LogAIModule: Creating AISystem for world TopDownExampleMap
[2018.12.30-07.39.42:927][421]LogPlayLevel: PIE: World Init took: (0.002258s)
[2018.12.30-07.39.42:936][421]LogPlayLevel: PIE: Created PIE world by copying editor world from /Game/TopDownBP/Maps/TopDownExampleMap.TopDownExampleMap to /Game/TopDownBP/Maps/UEDPIE_0_TopDownExampleMap.TopDownExampleMap (0.267828s)
[2018.12.30-07.39.43:420][421]LogInit: XAudio2 using 'Динамики (Устройство с поддержкой High Definition Audio)' : 2 channels at 44.1 kHz using 16 bits per sample (channel mask 0x3)
[2018.12.30-07.39.43:442][421]LogInit: FAudioDevice initialized.
[2018.12.30-07.39.43:802][421]LogWorld: Game class is 'TopDownGameMode_C'
[2018.12.30-07.39.44:043][421]LogWorld: Bringing World /Game/TopDownBP/Maps/UEDPIE_0_TopDownExampleMap.TopDownExampleMap up for play (max tick rate 60) at 2018.12.30-15.39.44
[2018.12.30-07.39.44:217][421]LogWorld: Bringing up level for play took: 0.205931
[2018.12.30-07.39.44:576][421]LogContentBrowser: Native class hierarchy updated for 'MovieSceneCapture' in 0.0015 seconds. Added 9 classes and 0 folders.
[2018.12.30-07.39.44:942][421]LogBlueprintUserMessages: [Quest_Test_C_0] Соберите 5 коробок.
[2018.12.30-07.39.44:974][421]PIE: Info Play in editor start time for /Game/TopDownBP/Maps/UEDPIE_0_TopDownExampleMap 3.129
[2018.12.30-07.39.44:975][421]LogBlueprintUserMessages: Late PlayInEditor Detection: Level '/Game/TopDownBP/Maps/TopDownExampleMap.TopDownExampleMap:PersistentLevel' has LevelScriptBlueprint '/Game/TopDownBP/Maps/TopDownExampleMap.TopDownExampleMap:PersistentLevel.TopDownExampleMap' with GeneratedClass '/Game/TopDownBP/Maps/TopDownExampleMap.TopDownExampleMap_C' with ClassGeneratedBy '/Game/TopDownBP/Maps/TopDownExampleMap.TopDownExampleMap:PersistentLevel.TopDownExampleMap'
[2018.12.30-07.39.47:175][461]LogBlueprintUserMessages: [Interactable] Hello
[2018.12.30-07.39.47:264][463]LogBlueprintUserMessages: [Interactable] Hello
[2018.12.30-07.39.47:870][478]LogBlueprintUserMessages: [Interactable] Hello
[2018.12.30-07.39.49:662][524]LogBlueprintUserMessages: [Interactable] Hello
[2018.12.30-07.39.52:051][587]LogBlueprintUserMessages: [Interactable] Hello
[2018.12.30-07.39.56:256][685]LogBlueprintUserMessages: [Interactable] Hello
[2018.12.30-07.39.58:602][739]LogBlueprintUserMessages: [Interactable] Hello
[2018.12.30-07.40.00:234][776]LogBlueprintUserMessages: [Interactable] Hello
[2018.12.30-07.40.08:671][972]LogBlueprintUserMessages: [Interactable] Hello
[2018.12.30-07.40.10:667][ 18]LogBlueprintUserMessages: [Interactable] Hello
[2018.12.30-07.40.15:827][135]LogBlueprintUserMessages: [PickUpItem] Hello
[2018.12.30-07.40.19:473][221]LogBlueprintUserMessages: Early EndPlayMap Detection: Level '/Game/TopDownBP/Maps/TopDownExampleMap.TopDownExampleMap:PersistentLevel' has LevelScriptBlueprint '/Game/TopDownBP/Maps/TopDownExampleMap.TopDownExampleMap:PersistentLevel.TopDownExampleMap' with GeneratedClass '/Game/TopDownBP/Maps/TopDownExampleMap.TopDownExampleMap_C' with ClassGeneratedBy '/Game/TopDownBP/Maps/TopDownExampleMap.TopDownExampleMap:PersistentLevel.TopDownExampleMap'
[2018.12.30-07.40.19:992][221]LogBlueprintUserMessages: Late EndPlayMap Detection: Level '/Game/TopDownBP/Maps/TopDownExampleMap.TopDownExampleMap:PersistentLevel' has LevelScriptBlueprint '/Game/TopDownBP/Maps/TopDownExampleMap.TopDownExampleMap:PersistentLevel.TopDownExampleMap' with GeneratedClass '/Game/TopDownBP/Maps/TopDownExampleMap.TopDownExampleMap_C' with ClassGeneratedBy '/Game/TopDownBP/Maps/TopDownExampleMap.TopDownExampleMap:PersistentLevel.TopDownExampleMap'
[2018.12.30-07.40.28:337][354]Cmd: STAT FPS
[2018.12.30-07.41.07:528][ 25]LogBlueprintUserMessages: Early PlayInEditor Detection: Level '/Game/TopDownBP/Maps/TopDownExampleMap.TopDownExampleMap:PersistentLevel' has LevelScriptBlueprint '/Game/TopDownBP/Maps/TopDownExampleMap.TopDownExampleMap:PersistentLevel.TopDownExampleMap' with GeneratedClass '/Game/TopDownBP/Maps/TopDownExampleMap.TopDownExampleMap_C' with ClassGeneratedBy '/Game/TopDownBP/Maps/TopDownExampleMap.TopDownExampleMap:PersistentLevel.TopDownExampleMap'
[2018.12.30-07.41.07:528][ 25]LogPlayLevel: PlayLevel: No blueprints needed recompiling
[2018.12.30-07.41.07:528][ 25]PIE: New page: PIE session: TopDownExampleMap (Dec 30, 2018, 11:41:07 PM)
[2018.12.30-07.41.07:529][ 25]LogPlayLevel: Creating play world package: /Game/TopDownBP/Maps/UEDPIE_0_TopDownExampleMap
[2018.12.30-07.41.07:609][ 25]LogPlayLevel: PIE: StaticDuplicateObject took: (0.080490s)
[2018.12.30-07.41.07:620][ 25]LogAIModule: Creating AISystem for world TopDownExampleMap
[2018.12.30-07.41.07:621][ 25]LogPlayLevel: PIE: World Init took: (0.011328s)
[2018.12.30-07.41.07:621][ 25]LogPlayLevel: PIE: Created PIE world by copying editor world from /Game/TopDownBP/Maps/TopDownExampleMap.TopDownExampleMap to /Game/TopDownBP/Maps/UEDPIE_0_TopDownExampleMap.TopDownExampleMap (0.092690s)
[2018.12.30-07.41.07:711][ 25]LogInit: XAudio2 using 'Динамики (Устройство с поддержкой High Definition Audio)' : 2 channels at 44.1 kHz using 16 bits per sample (channel mask 0x3)
[2018.12.30-07.41.07:747][ 25]LogInit: FAudioDevice initialized.
[2018.12.30-07.41.07:866][ 25]LogWorld: Game class is 'TopDownGameMode_C'
[2018.12.30-07.41.07:899][ 25]LogWorld: Bringing World /Game/TopDownBP/Maps/UEDPIE_0_TopDownExampleMap.TopDownExampleMap up for play (max tick rate 60) at 2018.12.30-15.41.07
[2018.12.30-07.41.07:902][ 25]LogWorld: Bringing up level for play took: 0.033435
[2018.12.30-07.41.07:909][ 25]LogBlueprintUserMessages: [Quest_Test_C_1] Соберите 5 коробок.
[2018.12.30-07.41.07:909][ 25]PIE: Info Play in editor start time for /Game/TopDownBP/Maps/UEDPIE_0_TopDownExampleMap 0.061
[2018.12.30-07.41.07:909][ 25]LogBlueprintUserMessages: Late PlayInEditor Detection: Level '/Game/TopDownBP/Maps/TopDownExampleMap.TopDownExampleMap:PersistentLevel' has LevelScriptBlueprint '/Game/TopDownBP/Maps/TopDownExampleMap.TopDownExampleMap:PersistentLevel.TopDownExampleMap' with GeneratedClass '/Game/TopDownBP/Maps/TopDownExampleMap.TopDownExampleMap_C' with ClassGeneratedBy '/Game/TopDownBP/Maps/TopDownExampleMap.TopDownExampleMap:PersistentLevel.TopDownExampleMap'
[2018.12.30-07.41.13:555][153]LogBlueprintUserMessages: [Interactable] Hello
[2018.12.30-07.41.16:325][220]LogBlueprintUserMessages: [Interactable] Hello
[2018.12.30-07.41.35:412][677]LogBlueprintUserMessages: [PickUpItem] Hello
[2018.12.30-07.41.36:162][695]LogBlueprintUserMessages: [Interactable] Hello
[2018.12.30-07.41.41:581][822]LogBlueprintUserMessages: [Interactable] Hello
[2018.12.30-07.41.42:023][832]LogBlueprintUserMessages: [Interactable] Hello
[2018.12.30-07.41.47:564][962]LogBlueprintUserMessages: [Interactable] Hello
[2018.12.30-07.41.58:831][216]LogBlueprintUserMessages: [Interactable] Hello
[2018.12.30-07.42.01:482][275]LogBlueprintUserMessages: [PickUpItem] Hello
[2018.12.30-07.42.01:691][280]LogBlueprintUserMessages: [PickUpItem] Hello
[2018.12.30-07.42.02:235][292]LogBlueprintUserMessages: [PickUpItem] Hello
[2018.12.30-07.42.02:386][295]LogBlueprintUserMessages: [PickUpItem] Hello
[2018.12.30-07.42.03:160][313]LogBlueprintUserMessages: [PickUpItem] Hello
[2018.12.30-07.42.03:425][319]LogBlueprintUserMessages: [PickUpItem] Hello
[2018.12.30-07.42.05:389][365]LogBlueprintUserMessages: [PickUpItem] Hello
[2018.12.30-07.42.05:843][376]LogBlueprintUserMessages: [PickUpItem] Hello
[2018.12.30-07.42.09:248][449]LogBlueprintUserMessages: [PickUpItem] Hello
[2018.12.30-07.42.10:555][479]LogBlueprintUserMessages: [PickUpItem] Hello
[2018.12.30-07.42.12:191][516]LogBlueprintUserMessages: [PickUpItem] Hello
[2018.12.30-07.42.12:231][517]LogBlueprintUserMessages: [PickUpItem] Hello
[2018.12.30-07.42.13:267][540]LogBlueprintUserMessages: [PickUpItem] Hello
[2018.12.30-07.42.13:603][548]LogBlueprintUserMessages: [PickUpItem] Hello
[2018.12.30-07.42.15:472][590]LogBlueprintUserMessages: [PickUpItem] Hello
[2018.12.30-07.42.15:791][598]LogBlueprintUserMessages: [PickUpItem] Hello
[2018.12.30-07.42.15:875][600]LogBlueprintUserMessages: [PickUpItem] Hello
[2018.12.30-07.43.10:633][826]LogBlueprintUserMessages: [Interactable] Hello
[2018.12.30-07.43.10:881][831]LogBlueprintUserMessages: [PickUpItem] Hello
[2018.12.30-07.43.11:874][853]LogBlueprintUserMessages: [PickUpItem] Hello
[2018.12.30-07.43.11:982][855]LogBlueprintUserMessages: [Interactable] Hello
[2018.12.30-07.43.13:165][881]LogBlueprintUserMessages: [PickUpItem] Hello
[2018.12.30-07.43.14:298][904]LogBlueprintUserMessages: Early EndPlayMap Detection: Level '/Game/TopDownBP/Maps/TopDownExampleMap.TopDownExampleMap:PersistentLevel' has LevelScriptBlueprint '/Game/TopDownBP/Maps/TopDownExampleMap.TopDownExampleMap:PersistentLevel.TopDownExampleMap' with GeneratedClass '/Game/TopDownBP/Maps/TopDownExampleMap.TopDownExampleMap_C' with ClassGeneratedBy '/Game/TopDownBP/Maps/TopDownExampleMap.TopDownExampleMap:PersistentLevel.TopDownExampleMap'
[2018.12.30-07.43.14:377][904]LogBlueprintUserMessages: Late EndPlayMap Detection: Level '/Game/TopDownBP/Maps/TopDownExampleMap.TopDownExampleMap:PersistentLevel' has LevelScriptBlueprint '/Game/TopDownBP/Maps/TopDownExampleMap.TopDownExampleMap:PersistentLevel.TopDownExampleMap' with GeneratedClass '/Game/TopDownBP/Maps/TopDownExampleMap.TopDownExampleMap_C' with ClassGeneratedBy '/Game/TopDownBP/Maps/TopDownExampleMap.TopDownExampleMap:PersistentLevel.TopDownExampleMap'
[2018.12.30-07.43.19:979][996]Cmd: CLOSE_SLATE_MAINFRAME
[2018.12.30-07.43.24:430][997]Cmd: QUIT_EDITOR
[2018.12.30-07.43.26:129][997]LogExit: Preparing to exit.
[2018.12.30-07.43.27:598][997]LogExit: Editor shut down
[2018.12.30-07.43.27:600][997]LogExit: Transaction tracking system shut down
[2018.12.30-07.43.30:971][997]LogObj: Freed 0b from 0 cluster array pools.
[2018.12.30-07.43.30:971][997]LogExit: Object subsystem successfully closed.
[2018.12.30-07.43.32:122][997]LogD3D11RHI: Shutdown
[2018.12.30-07.43.32:122][997]LogD3D11RHI: CleanupD3DDevice
[2018.12.30-07.43.32:430][997]LogD3D11RHI: ~FD3D11DynamicRHI
[2018.12.30-07.43.32:595][997]LogDerivedDataCache: Shutdown
[2018.12.30-07.43.35:445][997]LogModuleManager: Shutting down and abandoning module MovieSceneCapture (205)
[2018.12.30-07.43.35:445][997]LogModuleManager: Shutting down and abandoning module HierarchicalLODOutliner (204)
[2018.12.30-07.43.35:510][997]LogModuleManager: Shutting down and abandoning module CrashTracker (203)
[2018.12.30-07.43.35:510][997]LogModuleManager: Shutting down and abandoning module SceneOutliner (202)
[2018.12.30-07.43.35:511][997]LogModuleManager: Shutting down and abandoning module SuperSearch (201)
[2018.12.30-07.43.35:511][997]LogModuleManager: Shutting down and abandoning module WidgetCarousel (200)
[2018.12.30-07.43.35:511][997]LogModuleManager: Shutting down and abandoning module AddContentDialog (199)
[2018.12.30-07.43.35:513][997]LogModuleManager: Shutting down and abandoning module GameplayTags (198)
[2018.12.30-07.43.35:513][997]LogModuleManager: Shutting down and abandoning module EditorWidgets (197)
[2018.12.30-07.43.35:513][997]LogModuleManager: Shutting down and abandoning module CollectionManager (196)
[2018.12.30-07.43.35:514][997]LogModuleManager: Shutting down and abandoning module StatsViewer (195)
[2018.12.30-07.43.35:647][997]LogModuleManager: Shutting down and abandoning module FoliageEdit (194)
[2018.12.30-07.43.35:647][997]LogModuleManager: Shutting down and abandoning module LandscapeEditor (193)
[2018.12.30-07.43.35:737][997]LogModuleManager: Shutting down and abandoning module ActorPickerMode (192)
[2018.12.30-07.43.35:737][997]LogModuleManager: Shutting down and abandoning module GeometryMode (191)
[2018.12.30-07.43.35:737][997]LogModuleManager: Shutting down and abandoning module TextureAlignMode (190)
[2018.12.30-07.43.35:737][997]LogModuleManager: Shutting down and abandoning module BspMode (189)
[2018.12.30-07.43.35:737][997]LogModuleManager: Shutting down and abandoning module PlacementMode (188)
[2018.12.30-07.43.35:737][997]LogModuleManager: Shutting down and abandoning module AutomationWorker (187)
[2018.12.30-07.43.35:737][997]LogModuleManager: Shutting down and abandoning module CharacterAI (186)
[2018.12.30-07.43.35:737][997]LogModuleManager: Shutting down and abandoning module SmartSnapping (185)
[2018.12.30-07.43.35:738][997]LogModuleManager: Shutting down and abandoning module ViewportSnapping (184)
[2018.12.30-07.43.35:741][997]LogModuleManager: Shutting down and abandoning module LogVisualizer (183)
[2018.12.30-07.43.35:913][997]LogModuleManager: Shutting down and abandoning module GameProjectGeneration (182)
[2018.12.30-07.43.35:938][997]LogModuleManager: Shutting down and abandoning module IntroTutorials (181)
[2018.12.30-07.43.36:040][997]LogModuleManager: Shutting down and abandoning module EditorLiveStreaming (180)
[2018.12.30-07.43.36:040][997]LogModuleManager: Shutting down and abandoning module IOSPlatformEditor (179)
[2018.12.30-07.43.36:040][997]LogModuleManager: Shutting down and abandoning module HTML5PlatformEditor (178)
[2018.12.30-07.43.36:040][997]LogModuleManager: Shutting down and abandoning module AndroidDeviceDetection (177)
[2018.12.30-07.43.36:905][997]LogModuleManager: Shutting down and abandoning module AndroidPlatformEditor (176)
[2018.12.30-07.43.36:905][997]LogModuleManager: Shutting down and abandoning module IOSRuntimeSettings (175)
[2018.12.30-07.43.36:905][997]LogModuleManager: Shutting down and abandoning module AndroidRuntimeSettings (174)
[2018.12.30-07.43.36:905][997]LogModuleManager: Shutting down and abandoning module MergeActors (173)
[2018.12.30-07.43.36:960][997]LogModuleManager: Shutting down and abandoning module SizeMap (172)
[2018.12.30-07.43.36:960][997]LogModuleManager: Shutting down and abandoning module TreeMap (171)
[2018.12.30-07.43.36:960][997]LogModuleManager: Shutting down and abandoning module ReferenceViewer (170)
[2018.12.30-07.43.36:960][997]LogModuleManager: Shutting down and abandoning module LocalizationService (169)
[2018.12.30-07.43.36:960][997]LogModuleManager: Shutting down and abandoning module LocalizationDashboard (168)
[2018.12.30-07.43.36:989][997]LogModuleManager: Shutting down and abandoning module HardwareTargeting (167)
[2018.12.30-07.43.36:989][997]LogModuleManager: Shutting down and abandoning module DeviceProfileEditor (166)
[2018.12.30-07.43.37:008][997]LogModuleManager: Shutting down and abandoning module UndoHistory (165)
[2018.12.30-07.43.37:044][997]LogModuleManager: Shutting down and abandoning module UserFeedback (164)
[2018.12.30-07.43.37:044][997]LogModuleManager: Shutting down and abandoning module XmlParser (163)
[2018.12.30-07.43.37:044][997]LogModuleManager: Shutting down and abandoning module Blutility (162)
[2018.12.30-07.43.37:045][997]LogModuleManager: Shutting down and abandoning module ProjectTargetPlatformEditor (161)
[2018.12.30-07.43.37:045][997]LogModuleManager: Shutting down and abandoning module ProjectSettingsViewer (160)
[2018.12.30-07.43.37:045][997]LogModuleManager: Shutting down and abandoning module InputBindingEditor (159)
[2018.12.30-07.43.37:105][997]LogModuleManager: Shutting down and abandoning module EditorSettingsViewer (158)
[2018.12.30-07.43.37:105][997]LogModuleManager: Shutting down and abandoning module SettingsEditor (157)
[2018.12.30-07.43.37:165][997]LogModuleManager: Shutting down and abandoning module ProjectLauncher (156)
[2018.12.30-07.43.37:248][997]LogModuleManager: Shutting down and abandoning module SessionFrontend (155)
[2018.12.30-07.43.37:295][997]LogModuleManager: Shutting down and abandoning module ProfilerClient (154)
[2018.12.30-07.43.37:363][997]LogModuleManager: Shutting down and abandoning module TargetDeviceServices (153)
[2018.12.30-07.43.37:363][997]LogModuleManager: Shutting down and abandoning module DeviceManager (152)
[2018.12.30-07.43.37:458][997]LogModuleManager: Shutting down and abandoning module AutomationController (151)
[2018.12.30-07.43.37:548][997]LogModuleManager: Shutting down and abandoning module AutomationWindow (150)
[2018.12.30-07.43.37:673][997]LogModuleManager: Shutting down and abandoning module Layers (149)
[2018.12.30-07.43.37:815][997]LogModuleManager: Shutting down and abandoning module ComponentVisualizers (148)
[2018.12.30-07.43.37:815][997]LogModuleManager: Shutting down and abandoning module DetailCustomizations (147)
[2018.12.30-07.43.37:922][997]LogModuleManager: Shutting down and abandoning module PackagesDialog (146)
[2018.12.30-07.43.37:923][997]LogModuleManager: Shutting down and abandoning module Persona (145)
[2018.12.30-07.43.38:138][997]LogModuleManager: Shutting down and abandoning module Kismet (144)
[2018.12.30-07.43.38:191][997]LogModuleManager: Shutting down and abandoning module GraphEditor (143)
[2018.12.30-07.43.38:421][997]LogModuleManager: Shutting down and abandoning module ClassViewer (142)
[2018.12.30-07.43.38:453][997]LogModuleManager: Shutting down and abandoning module Toolbox (141)
[2018.12.30-07.43.38:453][997]LogModuleManager: Shutting down and abandoning module ModuleUI (140)
[2018.12.30-07.43.38:491][997]LogModuleManager: Shutting down and abandoning module MovieSceneTools (139)
[2018.12.30-07.43.38:541][997]LogModuleManager: Shutting down and abandoning module OutputLog (138)
[2018.12.30-07.43.38:589][997]LogModuleManager: Shutting down and abandoning module GammaUI (137)
[2018.12.30-07.43.38:608][997]LogModuleManager: Shutting down and abandoning module Documentation (136)
[2018.12.30-07.43.38:608][997]LogModuleManager: Shutting down and abandoning module StreamingPauseRendering (135)
[2018.12.30-07.43.38:608][997]LogModuleManager: Shutting down and abandoning module AnalyticsET (134)
[2018.12.30-07.43.38:608][997]LogModuleManager: Shutting down and abandoning module Analytics (133)
[2018.12.30-07.43.38:608][997]LogModuleManager: Shutting down and abandoning module PortalServices (132)
[2018.12.30-07.43.38:608][997]LogModuleManager: Shutting down and abandoning module PortalRpc (131)
[2018.12.30-07.43.38:608][997]LogModuleManager: Shutting down and abandoning module MessagingRpc (130)
[2018.12.30-07.43.38:608][997]LogModuleManager: Shutting down and abandoning module AITestSuite (129)
[2018.12.30-07.43.38:621][997]LogModuleManager: Shutting down and abandoning module GameplayDebugger (128)
[2018.12.30-07.43.38:621][997]LogModuleManager: Shutting down and abandoning module AIModule (127)
[2018.12.30-07.43.38:621][997]LogModuleManager: Shutting down and abandoning module ProfilerService (126)
[2018.12.30-07.43.38:768][997]LogModuleManager: Shutting down and abandoning module TaskGraph (125)
[2018.12.30-07.43.38:900][997]LogModuleManager: Shutting down and abandoning module SlateRemote (124)
[2018.12.30-07.43.38:900][997]LogModuleManager: Shutting down and abandoning module SteamVRController (123)
[2018.12.30-07.43.38:901][997]LogModuleManager: Shutting down and abandoning module SteamVR (122)
[2018.12.30-07.43.38:901][997]LogModuleManager: Shutting down and abandoning module ProceduralMeshComponent (121)
[2018.12.30-07.43.38:901][997]LogModuleManager: Shutting down and abandoning module OculusLibrary (120)
[2018.12.30-07.43.38:901][997]LogModuleManager: Shutting down and abandoning module OculusInput (119)
[2018.12.30-07.43.38:901][997]LogModuleManager: Shutting down and abandoning module CustomMeshComponent (118)
[2018.12.30-07.43.38:901][997]LogModuleManager: Shutting down and abandoning module CableComponent (117)
[2018.12.30-07.43.38:901][997]LogModuleManager: Shutting down and abandoning module ArchVisCharacter (116)
[2018.12.30-07.43.38:901][997]LogModuleManager: Shutting down and abandoning module MediaPlayerEditor (115)
[2018.12.30-07.43.38:988][997]LogModuleManager: Shutting down and abandoning module HTML5Networking (114)
[2018.12.30-07.43.38:989][997]LogModuleManager: Shutting down and abandoning module SpeedTreeImporter (113)
[2018.12.30-07.43.38:989][997]LogModuleManager: Shutting down and abandoning module PluginBrowser (112)
[2018.12.30-07.43.39:270][997]LogModuleManager: Shutting down and abandoning module EpicSurvey (111)
[2018.12.30-07.43.39:270][997]LogModuleManager: Shutting down and abandoning module DesktopPlatform (110)
[2018.12.30-07.43.39:368][997]LogModuleManager: Shutting down and abandoning module VisualStudioSourceCodeAccess (109)
[2018.12.30-07.43.39:490][997]LogModuleManager: Shutting down and abandoning module UObjectPlugin (108)
[2018.12.30-07.43.39:490][997]LogModuleManager: Shutting down and abandoning module SubversionSourceControl (107)
[2018.12.30-07.43.39:612][997]LogModuleManager: Shutting down and abandoning module PerforceSourceControl (106)
[2018.12.30-07.43.39:705][997]LogModuleManager: Shutting down and abandoning module SourceControl (105)
[2018.12.30-07.43.39:716][997]LogModuleManager: Shutting down and abandoning module GitSourceControl (104)
[2018.12.30-07.43.39:811][997]LogModuleManager: Shutting down and abandoning module LightPropagationVolumeEditor (103)
[2018.12.30-07.43.39:811][997]LogModuleManager: Shutting down and abandoning module PaperTiledImporter (102)
[2018.12.30-07.43.39:843][997]LogModuleManager: Shutting down and abandoning module PaperSpriteSheetImporter (101)
[2018.12.30-07.43.39:844][997]LogModuleManager: Shutting down and abandoning module MeshPaint (100)
[2018.12.30-07.43.39:866][997]LogModuleManager: Shutting down and abandoning module HotReload (99)
[2018.12.30-07.43.39:914][997]LogModuleManager: Shutting down and abandoning module MainFrame (98)
[2018.12.30-07.43.39:914][997]LogModuleManager: Shutting down and abandoning module LevelEditor (97)
[2018.12.30-07.43.39:916][997]LogModuleManager: Shutting down and abandoning module DirectoryWatcher (96)
[2018.12.30-07.43.39:918][997]LogModuleManager: Shutting down and abandoning module AssetRegistry (95)
[2018.12.30-07.43.40:183][997]LogModuleManager: Shutting down and abandoning module ContentBrowser (94)
[2018.12.30-07.43.40:186][997]LogModuleManager: Shutting down and abandoning module Paper2DEditor (93)
[2018.12.30-07.43.40:332][997]LogModuleManager: Shutting down and abandoning module UdpMessaging (92)
[2018.12.30-07.43.40:432][997]LogModuleManager: Shutting down and abandoning module LightPropagationVolumeRuntime (91)
[2018.12.30-07.43.40:432][997]LogModuleManager: Shutting down and abandoning module Paper2D (90)
[2018.12.30-07.43.40:481][997]LogModuleManager: Shutting down and abandoning module WindowsMoviePlayer (89)
[2018.12.30-07.43.40:512][997]LogModuleManager: Shutting down and abandoning module Media (88)
[2018.12.30-07.43.40:512][997]LogModuleManager: Shutting down and abandoning module WmfMedia (87)
[2018.12.30-07.43.40:655][997]LogModuleManager: Shutting down and abandoning module MediaAssets (86)
[2018.12.30-07.43.40:655][997]LogModuleManager: Shutting down and abandoning module GameLiveStreaming (85)
[2018.12.30-07.43.40:655][997]LogModuleManager: Shutting down and abandoning module GameplayTagsEditor (84)
[2018.12.30-07.43.40:655][997]LogModuleManager: Shutting down and abandoning module OnlineBlueprintSupport (83)
[2018.12.30-07.43.40:655][997]LogModuleManager: Shutting down and abandoning module GameplayTasksEditor (82)
[2018.12.30-07.43.40:655][997]LogModuleManager: Shutting down and abandoning module PropertyEditor (81)
[2018.12.30-07.43.40:696][997]LogModuleManager: Shutting down and abandoning module BehaviorTreeEditor (80)
[2018.12.30-07.43.40:777][997]LogModuleManager: Shutting down and abandoning module FunctionalTesting (79)
[2018.12.30-07.43.40:777][997]LogModuleManager: Shutting down and abandoning module CollisionAnalyzer (78)
[2018.12.30-07.43.40:842][997]LogModuleManager: Shutting down and abandoning module WorkspaceMenuStructure (77)
[2018.12.30-07.43.40:842][997]LogModuleManager: Shutting down and abandoning module MessageLog (76)
[2018.12.30-07.43.40:842][997]LogModuleManager: Shutting down and abandoning module Sequencer (75)
[2018.12.30-07.43.40:972][997]LogModuleManager: Shutting down and abandoning module AssetTools (74)
[2018.12.30-07.43.41:235][997]LogModuleManager: Shutting down and abandoning module UMGEditor (73)
[2018.12.30-07.43.41:295][997]LogModuleManager: Shutting down and abandoning module UMG (72)
[2018.12.30-07.43.41:295][997]LogModuleManager: Shutting down and abandoning module SlateReflector (71)
[2018.12.30-07.43.41:557][997]LogModuleManager: Shutting down and abandoning module Slate (70)
[2018.12.30-07.43.41:557][997]LogModuleManager: Shutting down and abandoning module EditorStyle (69)
[2018.12.30-07.43.41:595][997]LogModuleManager: Shutting down and abandoning module SessionServices (68)
[2018.12.30-07.43.41:595][997]LogModuleManager: Shutting down and abandoning module SourceCodeAccess (67)
[2018.12.30-07.43.41:595][997]LogModuleManager: Shutting down and abandoning module HeadMountedDisplay (66)
[2018.12.30-07.43.41:595][997]LogModuleManager: Shutting down and abandoning module XAudio2 (65)
[2018.12.30-07.43.41:595][997]LogModuleManager: Shutting down and abandoning module Networking (63)
[2018.12.30-07.43.41:595][997]LogModuleManager: Shutting down and abandoning module Core (62)
[2018.12.30-07.43.41:595][997]LogModuleManager: Shutting down and abandoning module KismetCompiler (61)
[2018.12.30-07.43.41:595][997]LogModuleManager: Shutting down and abandoning module PhysXFormats (60)
[2018.12.30-07.43.41:628][997]LogModuleManager: Shutting down and abandoning module MeshUtilities (59)
[2018.12.30-07.43.41:720][997]LogModuleManager: Shutting down and abandoning module CookingStats (58)
[2018.12.30-07.43.41:720][997]LogModuleManager: Shutting down and abandoning module DerivedDataCache (57)
[2018.12.30-07.43.41:720][997]LogDerivedDataCache: Shutdown
[2018.12.30-07.43.41:720][997]LogModuleManager: Shutting down and abandoning module ShaderFormatOpenGL (56)
[2018.12.30-07.43.41:760][997]LogModuleManager: Shutting down and abandoning module ShaderFormatD3D (55)
[2018.12.30-07.43.41:816][997]LogModuleManager: Shutting down and abandoning module MetalShaderFormat (54)
[2018.12.30-07.43.41:864][997]LogModuleManager: Shutting down and abandoning module TextureFormatUncompressed (53)
[2018.12.30-07.43.41:864][997]LogModuleManager: Shutting down and abandoning module TextureFormatPVR (52)
[2018.12.30-07.43.41:900][997]LogModuleManager: Shutting down and abandoning module TextureFormatIntelISPCTexComp (51)
[2018.12.30-07.43.41:922][997]LogModuleManager: Shutting down and abandoning module TextureFormatDXT (50)
[2018.12.30-07.43.41:934][997]LogModuleManager: Shutting down and abandoning module ImageWrapper (49)
[2018.12.30-07.43.41:934][997]LogModuleManager: Shutting down and abandoning module TextureFormatASTC (48)
[2018.12.30-07.43.41:934][997]LogModuleManager: Shutting down and abandoning module TextureFormatAndroid (47)
[2018.12.30-07.43.41:935][997]LogModuleManager: Shutting down and abandoning module AudioFormatOpus (46)
[2018.12.30-07.43.41:966][997]LogModuleManager: Shutting down and abandoning module AudioFormatOgg (45)
[2018.12.30-07.43.41:993][997]LogModuleManager: Shutting down and abandoning module AudioFormatADPCM (44)
[2018.12.30-07.43.42:009][997]LogModuleManager: Shutting down and abandoning module LinuxTargetPlatform (43)
[2018.12.30-07.43.42:009][997]LogModuleManager: Shutting down and abandoning module LinuxServerTargetPlatform (42)
[2018.12.30-07.43.42:040][997]LogModuleManager: Shutting down and abandoning module LinuxNoEditorTargetPlatform (41)
[2018.12.30-07.43.42:074][997]LogModuleManager: Shutting down and abandoning module TVOSTargetPlatform (40)
[2018.12.30-07.43.42:074][997]LogModuleManager: Shutting down and abandoning module Messaging (39)
[2018.12.30-07.43.42:074][997]LogModuleManager: Shutting down and abandoning module IOSTargetPlatform (38)
[2018.12.30-07.43.42:074][997]LogModuleManager: Shutting down and abandoning module HTML5TargetPlatform (37)
[2018.12.30-07.43.42:074][997]LogModuleManager: Shutting down and abandoning module Android_PVRTCTargetPlatform (36)
[2018.12.30-07.43.42:074][997]LogModuleManager: Shutting down and abandoning module Android_MultiTargetPlatform (35)
[2018.12.30-07.43.42:127][997]LogModuleManager: Shutting down and abandoning module Android_ETC2TargetPlatform (34)
[2018.12.30-07.43.42:127][997]LogModuleManager: Shutting down and abandoning module Android_ETC1TargetPlatform (33)
[2018.12.30-07.43.42:127][997]LogModuleManager: Shutting down and abandoning module Android_DXTTargetPlatform (32)
[2018.12.30-07.43.42:127][997]LogModuleManager: Shutting down and abandoning module Android_ATCTargetPlatform (31)
[2018.12.30-07.43.42:127][997]LogModuleManager: Shutting down and abandoning module Android_ASTCTargetPlatform (30)
[2018.12.30-07.43.42:127][997]LogModuleManager: Shutting down and abandoning module AndroidTargetPlatform (29)
[2018.12.30-07.43.42:127][997]LogModuleManager: Shutting down and abandoning module WindowsTargetPlatform (28)
[2018.12.30-07.43.42:127][997]LogModuleManager: Shutting down and abandoning module WindowsServerTargetPlatform (27)
[2018.12.30-07.43.42:154][997]LogModuleManager: Shutting down and abandoning module WindowsNoEditorTargetPlatform (26)
[2018.12.30-07.43.42:184][997]LogModuleManager: Shutting down and abandoning module WindowsClientTargetPlatform (25)
[2018.12.30-07.43.42:204][997]LogModuleManager: Shutting down and abandoning module AllDesktopTargetPlatform (24)
[2018.12.30-07.43.42:205][997]LogModuleManager: Shutting down and abandoning module TargetPlatform (23)
[2018.12.30-07.43.42:205][997]LogModuleManager: Shutting down and abandoning module InputCore (22)
[2018.12.30-07.43.42:205][997]LogModuleManager: Shutting down and abandoning module Settings (21)
[2018.12.30-07.43.42:205][997]LogModuleManager: Shutting down and abandoning module OnlineSubsystem (19)
[2018.12.30-07.43.42:205][997]LogModuleManager: Shutting down and abandoning module HTTP (18)
[2018.12.30-07.43.44:211][997]LogModuleManager: Shutting down and abandoning module XMPP (17)
[2018.12.30-07.43.44:280][997]LogModuleManager: Shutting down and abandoning module OculusRift (16)
[2018.12.30-07.43.44:378][997]LogModuleManager: Shutting down and abandoning module ExampleDeviceProfileSelector (15)
[2018.12.30-07.43.44:378][997]LogModuleManager: Shutting down and abandoning module TextureCompressor (14)
[2018.12.30-07.43.44:476][997]LogModuleManager: Shutting down and abandoning module ShaderCore (13)
[2018.12.30-07.43.44:476][997]LogModuleManager: Shutting down and abandoning module Landscape (12)
[2018.12.30-07.43.44:476][997]LogModuleManager: Shutting down and abandoning module SlateRHIRenderer (11)
[2018.12.30-07.43.44:517][997]LogModuleManager: Shutting down and abandoning module OpenGLDrv (10)
[2018.12.30-07.43.44:995][997]LogModuleManager: Shutting down and abandoning module D3D11RHI (9)
[2018.12.30-07.43.44:995][997]LogModuleManager: Shutting down and abandoning module AnimGraphRuntime (8)
[2018.12.30-07.43.44:995][997]LogModuleManager: Shutting down and abandoning module Renderer (7)
[2018.12.30-07.43.44:995][997]LogModuleManager: Shutting down and abandoning module Engine (6)
[2018.12.30-07.43.44:995][997]LogModuleManager: Shutting down and abandoning module CoreUObject (5)
[2018.12.30-07.43.44:995][997]LogModuleManager: Shutting down and abandoning module NetworkFile (4)
[2018.12.30-07.43.45:069][997]LogModuleManager: Shutting down and abandoning module StreamingFile (3)
[2018.12.30-07.43.45:106][997]LogModuleManager: Shutting down and abandoning module SandboxFile (2)
[2018.12.30-07.43.45:123][997]LogModuleManager: Shutting down and abandoning module PakFile (1)
[2018.12.30-07.43.45:144][997]LogExit: Exiting.
[2018.12.30-07.43.45:191][997]Log file closed, 12/30/18 15:43:45
