Log file open, 01/01/19 17:29:23
LogInit:Display: Running engine for game: TopDownMiniGame
LogPlatformFile: Not using cached read wrapper
LogInit:Display: RandInit(830074057) SRandInit(830074059).
LogTaskGraph: Started task graph with 4 named threads and 5 total threads.
LogStats: Stats thread started at 3.177543
LogInit: Version: 4.11.2-2946394+++UE4+Release-4.11
LogInit: API Version: 2927265
LogInit: Compiled (64-bit): Apr 18 2016 02:18:46
LogInit: Compiled with Visual C++: 19.00.23026.00
LogInit: Build Configuration: Development
LogInit: Branch Name: ++UE4+Release-4.11
LogInit: Command line:  
LogInit: Base directory: D:/UE_4.11/Engine/Binaries/Win64/
LogInit: Installed Engine Build: 1
LogInit: Using libcurl 7.41.0
LogInit:  - built for x86_64-pc-win32
LogInit:  - supports SSL with WinSSL
LogInit:  - other features:
LogInit:      CURL_VERSION_SSL
LogInit:      CURL_VERSION_IPV6
LogInit:      CURL_VERSION_ASYNCHDNS
LogInit:      CURL_VERSION_LARGEFILE
LogInit:      CURL_VERSION_IDN
LogInit:  CurlRequestOptions (configurable via config and command line):
LogInit:  - bVerifyPeer = true  - Libcurl will verify peer certificate
LogInit:  - bUseHttpProxy = false  - Libcurl will NOT use HTTP proxy
LogInit:  - bDontReuseConnections = false  - Libcurl will reuse connections
LogInit:  - CertBundlePath = nullptr  - Libcurl will use whatever was configured at build time.
LogInit: Presizing for max 16777216 objects, including 0 objects not considered by GC, pre-allocating 0 bytes for permanent pool.
LogInit: Object subsystem initialized
[2019.01.01-09.29.24:124][  0]LogInit: Selected Device Profile: [Windows]
[2019.01.01-09.29.24:139][  0]LogInit: Applying CVar settings loaded from the selected device profile: [Windows]
[2019.01.01-09.29.24:233][  0]LogInit: Computer: 1-ПК
[2019.01.01-09.29.24:233][  0]LogInit: User: 1
[2019.01.01-09.29.24:233][  0]LogInit: CPU Page size=65536, Cores=2
[2019.01.01-09.29.24:233][  0]LogInit: High frequency timer resolution =2.338486 MHz
[2019.01.01-09.29.24:249][  0]LogMemory: Memory total: Physical=3.9GB (4GB approx)
[2019.01.01-09.29.24:267][  0]LogMemory: Platform Memory Stats for Windows
[2019.01.01-09.29.24:267][  0]LogMemory: Process Physical Memory: 314.75 MB used, 314.75 MB peak
[2019.01.01-09.29.24:267][  0]LogMemory: Process Virtual Memory: 315.01 MB used, 315.01 MB peak
[2019.01.01-09.29.24:267][  0]LogMemory: Physical Memory: 1618.35 MB used, 4010.14 MB total
[2019.01.01-09.29.24:267][  0]LogMemory: Virtual Memory: 622.34 MB used, 8388608.00 MB total
[2019.01.01-09.29.26:984][  0]LogTextLocalizationManager: No translations for ('ru-RU') exist, falling back to 'en' for localization and internationalization data.
[2019.01.01-09.29.29:822][  0]LogD3D11RHI: D3D11 adapters:
[2019.01.01-09.29.30:723][  0]LogD3D11RHI:    0. 'NVIDIA GeForce 410M' (Feature Level 11_0)
[2019.01.01-09.29.30:723][  0]LogD3D11RHI:       979MB of dedicated video memory, 0MB of dedicated system memory, and 1749MB of shared system memory, 1 output[s]
[2019.01.01-09.29.30:751][  0]LogD3D11RHI:    1. 'NVIDIA GeForce 410M' (Feature Level 11_0)
[2019.01.01-09.29.30:751][  0]LogD3D11RHI:       979MB of dedicated video memory, 0MB of dedicated system memory, and 1749MB of shared system memory, 0 output[s]
[2019.01.01-09.29.30:751][  0]LogD3D11RHI: Chosen D3D11 Adapter: 0
[2019.01.01-09.29.30:801][  0]LogD3D11RHI: Creating new Direct3DDevice
[2019.01.01-09.29.30:801][  0]LogD3D11RHI:     Adapter Name: Intel(R) HD Graphics 3000
[2019.01.01-09.29.30:801][  0]LogD3D11RHI:   Driver Version: Unknown (internal Unknown)
[2019.01.01-09.29.30:801][  0]LogD3D11RHI:      Driver Date: Unknown
[2019.01.01-09.29.30:802][  0]LogRHI: Texture pool is 1297 MB (70% of 1854 MB)
[2019.01.01-09.29.30:826][  0]LogD3D11RHI: Async texture creation enabled
[2019.01.01-09.29.31:067][  0]LogShaderCompilers: Guid format shader working directory is -33 characters bigger than the processId version (../../../../sergey/UnrealProjects/TowerOfDefence_Repository/TopDownMiniGame/Intermediate/Shaders/Wor